<?xml version="1.0" encoding="UTF-8"?>
<testsuites name="Reserve Medical Appointment Suite" time="44.739" tests="1" failures="1" errors="0">
   <testsuite name="Reserve Medical Appointment Suite" tests="1" failures="1" errors="0" time="44.739" skipped="0" timestamp="21-06-2025T13:46:29" hostname="user - host.docker.internal" id="Test Suites/Reserve Medical Appointment Suite">
      <properties>
         <property name="deviceName" value=""/>
         <property name="devicePlatform"/>
         <property name="logFolder" value="C:\\Users\\user\\Katalon Studio\\Levelup To Automation With Katalon\\Reports\\20250621_134623\\Reserve Medical Appointment Suite\\20250621_134623"/>
         <property name="logFiles" value="C:\\Users\\user\\Katalon Studio\\Levelup To Automation With Katalon\\Reports\\20250621_134623\\Reserve Medical Appointment Suite\\20250621_134623\\console0.log, C:\\Users\\user\\Katalon Studio\\Levelup To Automation With Katalon\\Reports\\20250621_134623\\Reserve Medical Appointment Suite\\20250621_134623\\execution0.log"/>
         <property name="attachments" value="C:\\Users\\user\\Katalon Studio\\Levelup To Automation With Katalon\\Reports\\20250621_134623\\Reserve Medical Appointment Suite\\20250621_134623\\1750502831574.png, C:\\Users\\user\\Katalon Studio\\Levelup To Automation With Katalon\\Reports\\20250621_134623\\Reserve Medical Appointment Suite\\20250621_134623\\1750502831747.png"/>
         <property name="hostName" value="user - host.docker.internal"/>
         <property name="os" value="Windows 11 64bit"/>
         <property name="katalonVersion" value="10.2.1.0"/>
         <property name="browser" value="Chrome 137.0.7151.119"/>
         <property name="userFullName" value="Nedaa Gehad"/>
         <property name="hostAddress" value="192.168.100.16"/>
         <property name="sessionId" value="21b08d3e395598824b9ec014a88835ea"/>
         <property name="projectName" value="Levelup To Automation With Katalon"/>
         <property name="seleniumVersion" value="4.28.1"/>
         <property name="proxyInformation" value="ProxyInformation { proxyOption=NO_PROXY, proxyServerType=HTTP, username=, password=********, proxyServerAddress=, proxyServerPort=0, executionList=&quot;&quot;, isApplyToDesiredCapabilities=true }"/>
         <property name="platform" value="Windows 11"/>
      </properties>
      <testcase name="Test Cases/Week 1 - Kickstart Test Automation/Reserve A Medical Appointment" time="43.636" classname="Test Cases/Week 1 - Kickstart Test Automation/Reserve A Medical Appointment" status="FAILED">
         <failure type="FAILED" message="Test Cases/Week 1 - Kickstart Test Automation/Reserve A Medical Appointment FAILED.&#xa;Reason:&#xa;com.kms.katalon.core.exception.StepFailedException: Call Test Case 'Test Cases/Week 1 - Kickstart Test Automation/Login' failed&#xa;	at com.kms.katalon.core.keyword.builtin.CallTestCaseKeyword$_callTestCase_closure1.doCall(CallTestCaseKeyword.groovy:63)&#xa;	at com.kms.katalon.core.keyword.builtin.CallTestCaseKeyword$_callTestCase_closure1.call(CallTestCaseKeyword.groovy)&#xa;	at com.kms.katalon.core.keyword.internal.KeywordMain.runKeyword(KeywordMain.groovy:75)&#xa;	at com.kms.katalon.core.keyword.builtin.CallTestCaseKeyword.callTestCase(CallTestCaseKeyword.groovy:81)&#xa;	at com.kms.katalon.core.keyword.builtin.CallTestCaseKeyword.execute(CallTestCaseKeyword.groovy:44)&#xa;	at com.kms.katalon.core.keyword.internal.KeywordExecutor.executeKeywordForPlatform(KeywordExecutor.groovy:74)&#xa;	at com.kms.katalon.core.keyword.BuiltinKeywords.callTestCase(BuiltinKeywords.groovy:310)&#xa;	at java.base/jdk.internal.reflect.NativeMethodAccessorImpl.invoke0(Native Method)&#xa;	at java.base/jdk.internal.reflect.NativeMethodAccessorImpl.invoke(NativeMethodAccessorImpl.java:77)&#xa;	at java.base/jdk.internal.reflect.DelegatingMethodAccessorImpl.invoke(DelegatingMethodAccessorImpl.java:43)&#xa;	at Reserve A Medical Appointment.run(Reserve A Medical Appointment:20)&#xa;	at com.kms.katalon.core.main.ScriptEngine.run(ScriptEngine.java:194)&#xa;	at com.kms.katalon.core.main.ScriptEngine.runScriptAsRawText(ScriptEngine.java:119)&#xa;	at com.kms.katalon.core.main.TestCaseExecutor.runScript(TestCaseExecutor.java:486)&#xa;	at com.kms.katalon.core.main.TestCaseExecutor.doExecute(TestCaseExecutor.java:477)&#xa;	at com.kms.katalon.core.main.TestCaseExecutor.processExecutionPhase(TestCaseExecutor.java:456)&#xa;	at com.kms.katalon.core.main.TestCaseExecutor.accessMainPhase(TestCaseExecutor.java:448)&#xa;	at com.kms.katalon.core.main.TestCaseExecutor.execute(TestCaseExecutor.java:322)&#xa;	at com.kms.katalon.core.common.CommonExecutor.accessTestCaseMainPhase(CommonExecutor.java:71)&#xa;	at com.kms.katalon.core.main.TestSuiteExecutor.accessTestSuiteMainPhase(TestSuiteExecutor.java:160)&#xa;	at com.kms.katalon.core.main.TestSuiteExecutor.execute(TestSuiteExecutor.java:107)&#xa;	at com.kms.katalon.core.main.TestCaseMain.startTestSuite(TestCaseMain.java:186)&#xa;	at TempTestSuite1750502783204.run(TempTestSuite1750502783204.groovy:35)&#xa;	at java.base/jdk.internal.reflect.NativeMethodAccessorImpl.invoke0(Native Method)&#xa;	at java.base/jdk.internal.reflect.NativeMethodAccessorImpl.invoke(NativeMethodAccessorImpl.java:77)&#xa;	at java.base/jdk.internal.reflect.DelegatingMethodAccessorImpl.invoke(DelegatingMethodAccessorImpl.java:43)&#xa;Caused by: com.kms.katalon.core.exception.StepFailedException: Verify element text of test object 'Object Repository/CURA Healthcare Service/Home Page/h2_Make Appointment' FAILED.&#xa;	at com.kms.katalon.core.webui.keyword.internal.WebUIKeywordMain.stepFailed(WebUIKeywordMain.groovy:117)&#xa;	at com.kms.katalon.core.webui.keyword.internal.WebUIKeywordMain.runKeyword(WebUIKeywordMain.groovy:43)&#xa;	at com.kms.katalon.core.webui.keyword.builtin.VerifyElementTextKeyword.verifyElementText(VerifyElementTextKeyword.groovy:72)&#xa;	at com.kms.katalon.core.webui.keyword.builtin.VerifyElementTextKeyword.execute(VerifyElementTextKeyword.groovy:40)&#xa;	at com.kms.katalon.core.keyword.internal.KeywordExecutor.executeKeywordForPlatform(KeywordExecutor.groovy:74)&#xa;	at com.kms.katalon.core.webui.keyword.WebUiBuiltInKeywords.verifyElementText(WebUiBuiltInKeywords.groovy:4994)&#xa;	at Login.run(Login:32)&#xa;	at com.kms.katalon.core.main.ScriptEngine.run(ScriptEngine.java:194)&#xa;	at com.kms.katalon.core.main.ScriptEngine.runScriptAsRawText(ScriptEngine.java:119)&#xa;	at com.kms.katalon.core.main.TestCaseExecutor.runScript(TestCaseExecutor.java:486)&#xa;	at com.kms.katalon.core.main.TestCaseExecutor.doExecute(TestCaseExecutor.java:477)&#xa;	at com.kms.katalon.core.main.TestCaseExecutor.processExecutionPhase(TestCaseExecutor.java:456)&#xa;	at com.kms.katalon.core.main.TestCaseExecutor.accessMainPhase(TestCaseExecutor.java:448)&#xa;	at com.kms.katalon.core.main.TestCaseExecutor.execute(TestCaseExecutor.java:322)&#xa;	at com.kms.katalon.core.main.TestCaseMain.runTestCase(TestCaseMain.java:142)&#xa;	at com.kms.katalon.core.keyword.builtin.CallTestCaseKeyword$_callTestCase_closure1.doCall(CallTestCaseKeyword.groovy:59)&#xa;	... 25 more&#xa;Caused by: com.kms.katalon.core.exception.StepFailedException: com.kms.katalon.core.webui.exception.WebElementNotFoundException: Web element with id: 'Object Repository/CURA Healthcare Service/Home Page/h2_Make Appointment' located by '//section[@id='appointment']/div/div/div/h2' not found&#xa;	at com.kms.katalon.core.webui.keyword.internal.WebUIKeywordMain.stepFailed(WebUIKeywordMain.groovy:117)&#xa;	at com.kms.katalon.core.webui.keyword.builtin.VerifyElementTextKeyword$_verifyElementText_closure1.doCall(VerifyElementTextKeyword.groovy:64)&#xa;	at com.kms.katalon.core.webui.keyword.builtin.VerifyElementTextKeyword$_verifyElementText_closure1.call(VerifyElementTextKeyword.groovy)&#xa;	at com.kms.katalon.core.webui.keyword.internal.WebUIKeywordMain.runKeyword(WebUIKeywordMain.groovy:35)&#xa;	... 39 more&#xa;"/>
         <system-out><![CDATA[21-06-2025T13:46:30 - [TEST_CASE][FAILED] - Test Cases/Week 1 - Kickstart Test Automation/Reserve A Medical Appointment: Test Cases/Week 1 - Kickstart Test Automation/Reserve A Medical Appointment FAILED.
Reason:
com.kms.katalon.core.exception.StepFailedException: Call Test Case 'Test Cases/Week 1 - Kickstart Test Automation/Login' failed
	at com.kms.katalon.core.keyword.builtin.CallTestCaseKeyword$_callTestCase_closure1.doCall(CallTestCaseKeyword.groovy:63)
	at com.kms.katalon.core.keyword.builtin.CallTestCaseKeyword$_callTestCase_closure1.call(CallTestCaseKeyword.groovy)
	at com.kms.katalon.core.keyword.internal.KeywordMain.runKeyword(KeywordMain.groovy:75)
	at com.kms.katalon.core.keyword.builtin.CallTestCaseKeyword.callTestCase(CallTestCaseKeyword.groovy:81)
	at com.kms.katalon.core.keyword.builtin.CallTestCaseKeyword.execute(CallTestCaseKeyword.groovy:44)
	at com.kms.katalon.core.keyword.internal.KeywordExecutor.executeKeywordForPlatform(KeywordExecutor.groovy:74)
	at com.kms.katalon.core.keyword.BuiltinKeywords.callTestCase(BuiltinKeywords.groovy:310)
	at java.base/jdk.internal.reflect.NativeMethodAccessorImpl.invoke0(Native Method)
	at java.base/jdk.internal.reflect.NativeMethodAccessorImpl.invoke(NativeMethodAccessorImpl.java:77)
	at java.base/jdk.internal.reflect.DelegatingMethodAccessorImpl.invoke(DelegatingMethodAccessorImpl.java:43)
	at Reserve A Medical Appointment.run(Reserve A Medical Appointment:20)
	at com.kms.katalon.core.main.ScriptEngine.run(ScriptEngine.java:194)
	at com.kms.katalon.core.main.ScriptEngine.runScriptAsRawText(ScriptEngine.java:119)
	at com.kms.katalon.core.main.TestCaseExecutor.runScript(TestCaseExecutor.java:486)
	at com.kms.katalon.core.main.TestCaseExecutor.doExecute(TestCaseExecutor.java:477)
	at com.kms.katalon.core.main.TestCaseExecutor.processExecutionPhase(TestCaseExecutor.java:456)
	at com.kms.katalon.core.main.TestCaseExecutor.accessMainPhase(TestCaseExecutor.java:448)
	at com.kms.katalon.core.main.TestCaseExecutor.execute(TestCaseExecutor.java:322)
	at com.kms.katalon.core.common.CommonExecutor.accessTestCaseMainPhase(CommonExecutor.java:71)
	at com.kms.katalon.core.main.TestSuiteExecutor.accessTestSuiteMainPhase(TestSuiteExecutor.java:160)
	at com.kms.katalon.core.main.TestSuiteExecutor.execute(TestSuiteExecutor.java:107)
	at com.kms.katalon.core.main.TestCaseMain.startTestSuite(TestCaseMain.java:186)
	at TempTestSuite1750502783204.run(TempTestSuite1750502783204.groovy:35)
	at java.base/jdk.internal.reflect.NativeMethodAccessorImpl.invoke0(Native Method)
	at java.base/jdk.internal.reflect.NativeMethodAccessorImpl.invoke(NativeMethodAccessorImpl.java:77)
	at java.base/jdk.internal.reflect.DelegatingMethodAccessorImpl.invoke(DelegatingMethodAccessorImpl.java:43)
Caused by: com.kms.katalon.core.exception.StepFailedException: Verify element text of test object 'Object Repository/CURA Healthcare Service/Home Page/h2_Make Appointment' FAILED.
	at com.kms.katalon.core.webui.keyword.internal.WebUIKeywordMain.stepFailed(WebUIKeywordMain.groovy:117)
	at com.kms.katalon.core.webui.keyword.internal.WebUIKeywordMain.runKeyword(WebUIKeywordMain.groovy:43)
	at com.kms.katalon.core.webui.keyword.builtin.VerifyElementTextKeyword.verifyElementText(VerifyElementTextKeyword.groovy:72)
	at com.kms.katalon.core.webui.keyword.builtin.VerifyElementTextKeyword.execute(VerifyElementTextKeyword.groovy:40)
	at com.kms.katalon.core.keyword.internal.KeywordExecutor.executeKeywordForPlatform(KeywordExecutor.groovy:74)
	at com.kms.katalon.core.webui.keyword.WebUiBuiltInKeywords.verifyElementText(WebUiBuiltInKeywords.groovy:4994)
	at Login.run(Login:32)
	at com.kms.katalon.core.main.ScriptEngine.run(ScriptEngine.java:194)
	at com.kms.katalon.core.main.ScriptEngine.runScriptAsRawText(ScriptEngine.java:119)
	at com.kms.katalon.core.main.TestCaseExecutor.runScript(TestCaseExecutor.java:486)
	at com.kms.katalon.core.main.TestCaseExecutor.doExecute(TestCaseExecutor.java:477)
	at com.kms.katalon.core.main.TestCaseExecutor.processExecutionPhase(TestCaseExecutor.java:456)
	at com.kms.katalon.core.main.TestCaseExecutor.accessMainPhase(TestCaseExecutor.java:448)
	at com.kms.katalon.core.main.TestCaseExecutor.execute(TestCaseExecutor.java:322)
	at com.kms.katalon.core.main.TestCaseMain.runTestCase(TestCaseMain.java:142)
	at com.kms.katalon.core.keyword.builtin.CallTestCaseKeyword$_callTestCase_closure1.doCall(CallTestCaseKeyword.groovy:59)
	... 25 more
Caused by: com.kms.katalon.core.exception.StepFailedException: com.kms.katalon.core.webui.exception.WebElementNotFoundException: Web element with id: 'Object Repository/CURA Healthcare Service/Home Page/h2_Make Appointment' located by '//section[@id='appointment']/div/div/div/h2' not found
	at com.kms.katalon.core.webui.keyword.internal.WebUIKeywordMain.stepFailed(WebUIKeywordMain.groovy:117)
	at com.kms.katalon.core.webui.keyword.builtin.VerifyElementTextKeyword$_verifyElementText_closure1.doCall(VerifyElementTextKeyword.groovy:64)
	at com.kms.katalon.core.webui.keyword.builtin.VerifyElementTextKeyword$_verifyElementText_closure1.call(VerifyElementTextKeyword.groovy)
	at com.kms.katalon.core.webui.keyword.internal.WebUIKeywordMain.runKeyword(WebUIKeywordMain.groovy:35)
	... 39 more


21-06-2025T13:46:31 - [TEST_STEP][FAILED] - callTestCase(findTestCase("Week 1 - Kickstart Test Automation/Login"), ["UserName":"", "Password":""], STOP_ON_FAILURE): Unable to call Test Case 'Test Cases/Week 1 - Kickstart Test Automation/Login' (Root cause: com.kms.katalon.core.exception.StepFailedException: Call Test Case 'Test Cases/Week 1 - Kickstart Test Automation/Login' failed
	at com.kms.katalon.core.keyword.builtin.CallTestCaseKeyword$_callTestCase_closure1.doCall(CallTestCaseKeyword.groovy:63)
	at com.kms.katalon.core.keyword.builtin.CallTestCaseKeyword$_callTestCase_closure1.call(CallTestCaseKeyword.groovy)
	at com.kms.katalon.core.keyword.internal.KeywordMain.runKeyword(KeywordMain.groovy:75)
	at com.kms.katalon.core.keyword.builtin.CallTestCaseKeyword.callTestCase(CallTestCaseKeyword.groovy:81)
	at com.kms.katalon.core.keyword.builtin.CallTestCaseKeyword.execute(CallTestCaseKeyword.groovy:44)
	at com.kms.katalon.core.keyword.internal.KeywordExecutor.executeKeywordForPlatform(KeywordExecutor.groovy:74)
	at com.kms.katalon.core.keyword.BuiltinKeywords.callTestCase(BuiltinKeywords.groovy:310)
	at java.base/jdk.internal.reflect.NativeMethodAccessorImpl.invoke0(Native Method)
	at java.base/jdk.internal.reflect.NativeMethodAccessorImpl.invoke(NativeMethodAccessorImpl.java:77)
	at java.base/jdk.internal.reflect.DelegatingMethodAccessorImpl.invoke(DelegatingMethodAccessorImpl.java:43)
	at Reserve A Medical Appointment.run(Reserve A Medical Appointment:20)
	at com.kms.katalon.core.main.ScriptEngine.run(ScriptEngine.java:194)
	at com.kms.katalon.core.main.ScriptEngine.runScriptAsRawText(ScriptEngine.java:119)
	at com.kms.katalon.core.main.TestCaseExecutor.runScript(TestCaseExecutor.java:486)
	at com.kms.katalon.core.main.TestCaseExecutor.doExecute(TestCaseExecutor.java:477)
	at com.kms.katalon.core.main.TestCaseExecutor.processExecutionPhase(TestCaseExecutor.java:456)
	at com.kms.katalon.core.main.TestCaseExecutor.accessMainPhase(TestCaseExecutor.java:448)
	at com.kms.katalon.core.main.TestCaseExecutor.execute(TestCaseExecutor.java:322)
	at com.kms.katalon.core.common.CommonExecutor.accessTestCaseMainPhase(CommonExecutor.java:71)
	at com.kms.katalon.core.main.TestSuiteExecutor.accessTestSuiteMainPhase(TestSuiteExecutor.java:160)
	at com.kms.katalon.core.main.TestSuiteExecutor.execute(TestSuiteExecutor.java:107)
	at com.kms.katalon.core.main.TestCaseMain.startTestSuite(TestCaseMain.java:186)
	at TempTestSuite1750502783204.run(TempTestSuite1750502783204.groovy:35)
	at java.base/jdk.internal.reflect.NativeMethodAccessorImpl.invoke0(Native Method)
	at java.base/jdk.internal.reflect.NativeMethodAccessorImpl.invoke(NativeMethodAccessorImpl.java:77)
	at java.base/jdk.internal.reflect.DelegatingMethodAccessorImpl.invoke(DelegatingMethodAccessorImpl.java:43)
Caused by: com.kms.katalon.core.exception.StepFailedException: Verify element text of test object 'Object Repository/CURA Healthcare Service/Home Page/h2_Make Appointment' FAILED.
	at com.kms.katalon.core.webui.keyword.internal.WebUIKeywordMain.stepFailed(WebUIKeywordMain.groovy:117)
	at com.kms.katalon.core.webui.keyword.internal.WebUIKeywordMain.runKeyword(WebUIKeywordMain.groovy:43)
	at com.kms.katalon.core.webui.keyword.builtin.VerifyElementTextKeyword.verifyElementText(VerifyElementTextKeyword.groovy:72)
	at com.kms.katalon.core.webui.keyword.builtin.VerifyElementTextKeyword.execute(VerifyElementTextKeyword.groovy:40)
	at com.kms.katalon.core.keyword.internal.KeywordExecutor.executeKeywordForPlatform(KeywordExecutor.groovy:74)
	at com.kms.katalon.core.webui.keyword.WebUiBuiltInKeywords.verifyElementText(WebUiBuiltInKeywords.groovy:4994)
	at Login.run(Login:32)
	at com.kms.katalon.core.main.ScriptEngine.run(ScriptEngine.java:194)
	at com.kms.katalon.core.main.ScriptEngine.runScriptAsRawText(ScriptEngine.java:119)
	at com.kms.katalon.core.main.TestCaseExecutor.runScript(TestCaseExecutor.java:486)
	at com.kms.katalon.core.main.TestCaseExecutor.doExecute(TestCaseExecutor.java:477)
	at com.kms.katalon.core.main.TestCaseExecutor.processExecutionPhase(TestCaseExecutor.java:456)
	at com.kms.katalon.core.main.TestCaseExecutor.accessMainPhase(TestCaseExecutor.java:448)
	at com.kms.katalon.core.main.TestCaseExecutor.execute(TestCaseExecutor.java:322)
	at com.kms.katalon.core.main.TestCaseMain.runTestCase(TestCaseMain.java:142)
	at com.kms.katalon.core.keyword.builtin.CallTestCaseKeyword$_callTestCase_closure1.doCall(CallTestCaseKeyword.groovy:59)
	... 25 more
Caused by: com.kms.katalon.core.exception.StepFailedException: com.kms.katalon.core.webui.exception.WebElementNotFoundException: Web element with id: 'Object Repository/CURA Healthcare Service/Home Page/h2_Make Appointment' located by '//section[@id='appointment']/div/div/div/h2' not found
	at com.kms.katalon.core.webui.keyword.internal.WebUIKeywordMain.stepFailed(WebUIKeywordMain.groovy:117)
	at com.kms.katalon.core.webui.keyword.builtin.VerifyElementTextKeyword$_verifyElementText_closure1.doCall(VerifyElementTextKeyword.groovy:64)
	at com.kms.katalon.core.webui.keyword.builtin.VerifyElementTextKeyword$_verifyElementText_closure1.call(VerifyElementTextKeyword.groovy)
	at com.kms.katalon.core.webui.keyword.internal.WebUIKeywordMain.runKeyword(WebUIKeywordMain.groovy:35)
	... 39 more
)

21-06-2025T13:46:31 - [MESSAGE][INFO] - Checking called Test Case

21-06-2025T13:46:31 - [MESSAGE][INFO] - Starting to call Test Case 'Test Cases/Week 1 - Kickstart Test Automation/Login'

21-06-2025T13:46:31 - [TEST_CASE][FAILED] - Test Cases/Week 1 - Kickstart Test Automation/Login: Test Cases/Week 1 - Kickstart Test Automation/Login FAILED.
Reason:
com.kms.katalon.core.exception.StepFailedException: Verify element text of test object 'Object Repository/CURA Healthcare Service/Home Page/h2_Make Appointment' FAILED.
	at com.kms.katalon.core.webui.keyword.internal.WebUIKeywordMain.stepFailed(WebUIKeywordMain.groovy:117)
	at com.kms.katalon.core.webui.keyword.internal.WebUIKeywordMain.runKeyword(WebUIKeywordMain.groovy:43)
	at com.kms.katalon.core.webui.keyword.builtin.VerifyElementTextKeyword.verifyElementText(VerifyElementTextKeyword.groovy:72)
	at com.kms.katalon.core.webui.keyword.builtin.VerifyElementTextKeyword.execute(VerifyElementTextKeyword.groovy:40)
	at com.kms.katalon.core.keyword.internal.KeywordExecutor.executeKeywordForPlatform(KeywordExecutor.groovy:74)
	at com.kms.katalon.core.webui.keyword.WebUiBuiltInKeywords.verifyElementText(WebUiBuiltInKeywords.groovy:4994)
	at Login.run(Login:32)
	at com.kms.katalon.core.main.ScriptEngine.run(ScriptEngine.java:194)
	at com.kms.katalon.core.main.ScriptEngine.runScriptAsRawText(ScriptEngine.java:119)
	at com.kms.katalon.core.main.TestCaseExecutor.runScript(TestCaseExecutor.java:486)
	at com.kms.katalon.core.main.TestCaseExecutor.doExecute(TestCaseExecutor.java:477)
	at com.kms.katalon.core.main.TestCaseExecutor.processExecutionPhase(TestCaseExecutor.java:456)
	at com.kms.katalon.core.main.TestCaseExecutor.accessMainPhase(TestCaseExecutor.java:448)
	at com.kms.katalon.core.main.TestCaseExecutor.execute(TestCaseExecutor.java:322)
	at com.kms.katalon.core.main.TestCaseMain.runTestCase(TestCaseMain.java:142)
	at com.kms.katalon.core.keyword.builtin.CallTestCaseKeyword$_callTestCase_closure1.doCall(CallTestCaseKeyword.groovy:59)
	at com.kms.katalon.core.keyword.builtin.CallTestCaseKeyword$_callTestCase_closure1.call(CallTestCaseKeyword.groovy)
	at com.kms.katalon.core.keyword.internal.KeywordMain.runKeyword(KeywordMain.groovy:75)
	at com.kms.katalon.core.keyword.builtin.CallTestCaseKeyword.callTestCase(CallTestCaseKeyword.groovy:81)
	at com.kms.katalon.core.keyword.builtin.CallTestCaseKeyword.execute(CallTestCaseKeyword.groovy:44)
	at com.kms.katalon.core.keyword.internal.KeywordExecutor.executeKeywordForPlatform(KeywordExecutor.groovy:74)
	at com.kms.katalon.core.keyword.BuiltinKeywords.callTestCase(BuiltinKeywords.groovy:310)
	at java.base/jdk.internal.reflect.NativeMethodAccessorImpl.invoke0(Native Method)
	at java.base/jdk.internal.reflect.NativeMethodAccessorImpl.invoke(NativeMethodAccessorImpl.java:77)
	at java.base/jdk.internal.reflect.DelegatingMethodAccessorImpl.invoke(DelegatingMethodAccessorImpl.java:43)
	at Reserve A Medical Appointment.run(Reserve A Medical Appointment:20)
	at com.kms.katalon.core.main.ScriptEngine.run(ScriptEngine.java:194)
	at com.kms.katalon.core.main.ScriptEngine.runScriptAsRawText(ScriptEngine.java:119)
	at com.kms.katalon.core.main.TestCaseExecutor.runScript(TestCaseExecutor.java:486)
	at com.kms.katalon.core.main.TestCaseExecutor.doExecute(TestCaseExecutor.java:477)
	at com.kms.katalon.core.main.TestCaseExecutor.processExecutionPhase(TestCaseExecutor.java:456)
	at com.kms.katalon.core.main.TestCaseExecutor.accessMainPhase(TestCaseExecutor.java:448)
	at com.kms.katalon.core.main.TestCaseExecutor.execute(TestCaseExecutor.java:322)
	at com.kms.katalon.core.common.CommonExecutor.accessTestCaseMainPhase(CommonExecutor.java:71)
	at com.kms.katalon.core.main.TestSuiteExecutor.accessTestSuiteMainPhase(TestSuiteExecutor.java:160)
	at com.kms.katalon.core.main.TestSuiteExecutor.execute(TestSuiteExecutor.java:107)
	at com.kms.katalon.core.main.TestCaseMain.startTestSuite(TestCaseMain.java:186)
	at TempTestSuite1750502783204.run(TempTestSuite1750502783204.groovy:35)
	at java.base/jdk.internal.reflect.NativeMethodAccessorImpl.invoke0(Native Method)
	at java.base/jdk.internal.reflect.NativeMethodAccessorImpl.invoke(NativeMethodAccessorImpl.java:77)
	at java.base/jdk.internal.reflect.DelegatingMethodAccessorImpl.invoke(DelegatingMethodAccessorImpl.java:43)
Caused by: com.kms.katalon.core.exception.StepFailedException: com.kms.katalon.core.webui.exception.WebElementNotFoundException: Web element with id: 'Object Repository/CURA Healthcare Service/Home Page/h2_Make Appointment' located by '//section[@id='appointment']/div/div/div/h2' not found
	at com.kms.katalon.core.webui.keyword.internal.WebUIKeywordMain.stepFailed(WebUIKeywordMain.groovy:117)
	at com.kms.katalon.core.webui.keyword.builtin.VerifyElementTextKeyword$_verifyElementText_closure1.doCall(VerifyElementTextKeyword.groovy:64)
	at com.kms.katalon.core.webui.keyword.builtin.VerifyElementTextKeyword$_verifyElementText_closure1.call(VerifyElementTextKeyword.groovy)
	at com.kms.katalon.core.webui.keyword.internal.WebUIKeywordMain.runKeyword(WebUIKeywordMain.groovy:35)
	... 39 more


21-06-2025T13:46:31 - [TEST_STEP][PASSED] - openBrowser(""): Browser is opened with url: ''

21-06-2025T13:46:32 - [MESSAGE][INFO] - Opening browser

21-06-2025T13:46:32 - [MESSAGE][INFO] - Starting 'Chrome' driver

21-06-2025T13:46:32 - [MESSAGE][INFO] - Action delay is set to 0 milliseconds

21-06-2025T13:46:35 - [MESSAGE][PASSED] - Browser is opened with url: ''

21-06-2025T13:46:35 - [TEST_STEP][PASSED] - navigateToUrl("https://katalon-demo-cura.herokuapp.com/"): Navigate to 'https://katalon-demo-cura.herokuapp.com/' successfully

21-06-2025T13:46:35 - [MESSAGE][INFO] - Checking url

21-06-2025T13:46:35 - [MESSAGE][INFO] - Navigating to 'https://katalon-demo-cura.herokuapp.com/'

21-06-2025T13:46:37 - [MESSAGE][PASSED] - Navigate to 'https://katalon-demo-cura.herokuapp.com/' successfully

21-06-2025T13:46:37 - [TEST_STEP][PASSED] - click(findTestObject("Object Repository/CURA Healthcare Service/Home Page/a_Make Appointment")): Object: 'Object Repository/CURA Healthcare Service/Home Page/a_Make Appointment' is clicked on

21-06-2025T13:46:37 - [MESSAGE][INFO] - Finding Test Object 'Object Repository/CURA Healthcare Service/Home Page/a_Make Appointment'

21-06-2025T13:46:37 - [MESSAGE][INFO] - Checking object

21-06-2025T13:46:37 - [MESSAGE][INFO] - Checking timeout

21-06-2025T13:46:37 - [MESSAGE][INFO] - Finding web element from Test Object's properties

21-06-2025T13:46:37 - [MESSAGE][INFO] - Checking timeout

21-06-2025T13:46:37 - [MESSAGE][INFO] - Finding web element with id: 'Object Repository/CURA Healthcare Service/Home Page/a_Make Appointment' located by 'By.xpath: //a[@id='btn-make-appointment']' in '30' second(s)

21-06-2025T13:46:37 - [MESSAGE][INFO] - Smart Wait Function is triggered

21-06-2025T13:46:38 - [MESSAGE][INFO] - Found 1 web elements with id: 'Object Repository/CURA Healthcare Service/Home Page/a_Make Appointment' located by 'By.xpath: //a[@id='btn-make-appointment']' in '30' second(s)

21-06-2025T13:46:38 - [MESSAGE][INFO] - Clicking on object: 'Object Repository/CURA Healthcare Service/Home Page/a_Make Appointment'

21-06-2025T13:46:38 - [MESSAGE][PASSED] - Object: 'Object Repository/CURA Healthcare Service/Home Page/a_Make Appointment' is clicked on

21-06-2025T13:46:38 - [TEST_STEP][PASSED] - setText(findTestObject("Object Repository/CURA Healthcare Service/Login/input_Username_username"), "John Do"): Text 'John Do' is set on object 'Object Repository/CURA Healthcare Service/Login/input_Username_username'

21-06-2025T13:46:38 - [MESSAGE][INFO] - Finding Test Object 'Object Repository/CURA Healthcare Service/Login/input_Username_username'

21-06-2025T13:46:38 - [MESSAGE][INFO] - Checking object

21-06-2025T13:46:38 - [MESSAGE][INFO] - Checking text

21-06-2025T13:46:38 - [MESSAGE][INFO] - Finding web element from Test Object's properties

21-06-2025T13:46:38 - [MESSAGE][INFO] - Checking timeout

21-06-2025T13:46:38 - [MESSAGE][INFO] - Finding web element with id: 'Object Repository/CURA Healthcare Service/Login/input_Username_username' located by 'By.xpath: //input[@id='txt-username']' in '30' second(s)

21-06-2025T13:46:38 - [MESSAGE][INFO] - Smart Wait Function is triggered

21-06-2025T13:46:38 - [MESSAGE][INFO] - Found 1 web elements with id: 'Object Repository/CURA Healthcare Service/Login/input_Username_username' located by 'By.xpath: //input[@id='txt-username']' in '30' second(s)

21-06-2025T13:46:38 - [MESSAGE][INFO] - Clearing text of object 'Object Repository/CURA Healthcare Service/Login/input_Username_username'

21-06-2025T13:46:39 - [MESSAGE][INFO] - Finding web element from Test Object's properties

21-06-2025T13:46:39 - [MESSAGE][INFO] - Checking timeout

21-06-2025T13:46:39 - [MESSAGE][INFO] - Finding web element with id: 'Object Repository/CURA Healthcare Service/Login/input_Username_username' located by 'By.xpath: //input[@id='txt-username']' in '30' second(s)

21-06-2025T13:46:39 - [MESSAGE][INFO] - Smart Wait Function is triggered

21-06-2025T13:46:39 - [MESSAGE][INFO] - Found 1 web elements with id: 'Object Repository/CURA Healthcare Service/Login/input_Username_username' located by 'By.xpath: //input[@id='txt-username']' in '30' second(s)

21-06-2025T13:46:39 - [MESSAGE][INFO] - Setting text of object 'Object Repository/CURA Healthcare Service/Login/input_Username_username' to value 'John Do'

21-06-2025T13:46:39 - [MESSAGE][PASSED] - Text 'John Do' is set on object 'Object Repository/CURA Healthcare Service/Login/input_Username_username'

21-06-2025T13:46:39 - [TEST_STEP][PASSED] - setEncryptedText(findTestObject("Object Repository/CURA Healthcare Service/Login/input_Password_password"), "g3/DOGG74jC3Flrr3yH+3D/yKbOqqUNM"): Text ****** has been set on object 'Object Repository/CURA Healthcare Service/Login/input_Password_password'

21-06-2025T13:46:39 - [MESSAGE][INFO] - Finding Test Object 'Object Repository/CURA Healthcare Service/Login/input_Password_password'

21-06-2025T13:46:39 - [MESSAGE][INFO] - Checking object

21-06-2025T13:46:39 - [MESSAGE][INFO] - Checking text

21-06-2025T13:46:39 - [MESSAGE][INFO] - Finding web element from Test Object's properties

21-06-2025T13:46:39 - [MESSAGE][INFO] - Checking timeout

21-06-2025T13:46:39 - [MESSAGE][INFO] - Finding web element with id: 'Object Repository/CURA Healthcare Service/Login/input_Password_password' located by 'By.xpath: //input[@id='txt-password']' in '30' second(s)

21-06-2025T13:46:39 - [MESSAGE][INFO] - Smart Wait Function is triggered

21-06-2025T13:46:39 - [MESSAGE][INFO] - Found 1 web elements with id: 'Object Repository/CURA Healthcare Service/Login/input_Password_password' located by 'By.xpath: //input[@id='txt-password']' in '30' second(s)

21-06-2025T13:46:39 - [MESSAGE][INFO] - Clearing text of object 'Object Repository/CURA Healthcare Service/Login/input_Password_password'

21-06-2025T13:46:39 - [MESSAGE][INFO] - Setting  text of object 'Object Repository/CURA Healthcare Service/Login/input_Password_password' to value ******

21-06-2025T13:46:39 - [MESSAGE][PASSED] - Text ****** has been set on object 'Object Repository/CURA Healthcare Service/Login/input_Password_password'

21-06-2025T13:46:39 - [TEST_STEP][PASSED] - click(findTestObject("Object Repository/CURA Healthcare Service/Login/button_Login")): Object: 'Object Repository/CURA Healthcare Service/Login/button_Login' is clicked on

21-06-2025T13:46:39 - [MESSAGE][INFO] - Finding Test Object 'Object Repository/CURA Healthcare Service/Login/button_Login'

21-06-2025T13:46:39 - [MESSAGE][INFO] - Checking object

21-06-2025T13:46:39 - [MESSAGE][INFO] - Checking timeout

21-06-2025T13:46:39 - [MESSAGE][INFO] - Finding web element from Test Object's properties

21-06-2025T13:46:39 - [MESSAGE][INFO] - Checking timeout

21-06-2025T13:46:39 - [MESSAGE][INFO] - Finding web element with id: 'Object Repository/CURA Healthcare Service/Login/button_Login' located by 'By.xpath: //button[@id='btn-login']' in '30' second(s)

21-06-2025T13:46:39 - [MESSAGE][INFO] - Smart Wait Function is triggered

21-06-2025T13:46:40 - [MESSAGE][INFO] - Found 1 web elements with id: 'Object Repository/CURA Healthcare Service/Login/button_Login' located by 'By.xpath: //button[@id='btn-login']' in '30' second(s)

21-06-2025T13:46:40 - [MESSAGE][INFO] - Clicking on object: 'Object Repository/CURA Healthcare Service/Login/button_Login'

21-06-2025T13:46:40 - [MESSAGE][PASSED] - Object: 'Object Repository/CURA Healthcare Service/Login/button_Login' is clicked on

21-06-2025T13:46:40 - [TEST_STEP][FAILED] - verifyElementText(findTestObject("Object Repository/CURA Healthcare Service/Home Page/h2_Make Appointment"), "Make Appointment"): Verify element text of test object 'Object Repository/CURA Healthcare Service/Home Page/h2_Make Appointment' FAILED. (Root cause: com.kms.katalon.core.exception.StepFailedException: Verify element text of test object 'Object Repository/CURA Healthcare Service/Home Page/h2_Make Appointment' FAILED.
	at com.kms.katalon.core.webui.keyword.internal.WebUIKeywordMain.stepFailed(WebUIKeywordMain.groovy:117)
	at com.kms.katalon.core.webui.keyword.internal.WebUIKeywordMain.runKeyword(WebUIKeywordMain.groovy:43)
	at com.kms.katalon.core.webui.keyword.builtin.VerifyElementTextKeyword.verifyElementText(VerifyElementTextKeyword.groovy:72)
	at com.kms.katalon.core.webui.keyword.builtin.VerifyElementTextKeyword.execute(VerifyElementTextKeyword.groovy:40)
	at com.kms.katalon.core.keyword.internal.KeywordExecutor.executeKeywordForPlatform(KeywordExecutor.groovy:74)
	at com.kms.katalon.core.webui.keyword.WebUiBuiltInKeywords.verifyElementText(WebUiBuiltInKeywords.groovy:4994)
	at Login.run(Login:32)
	at com.kms.katalon.core.main.ScriptEngine.run(ScriptEngine.java:194)
	at com.kms.katalon.core.main.ScriptEngine.runScriptAsRawText(ScriptEngine.java:119)
	at com.kms.katalon.core.main.TestCaseExecutor.runScript(TestCaseExecutor.java:486)
	at com.kms.katalon.core.main.TestCaseExecutor.doExecute(TestCaseExecutor.java:477)
	at com.kms.katalon.core.main.TestCaseExecutor.processExecutionPhase(TestCaseExecutor.java:456)
	at com.kms.katalon.core.main.TestCaseExecutor.accessMainPhase(TestCaseExecutor.java:448)
	at com.kms.katalon.core.main.TestCaseExecutor.execute(TestCaseExecutor.java:322)
	at com.kms.katalon.core.main.TestCaseMain.runTestCase(TestCaseMain.java:142)
	at com.kms.katalon.core.keyword.builtin.CallTestCaseKeyword$_callTestCase_closure1.doCall(CallTestCaseKeyword.groovy:59)
	at com.kms.katalon.core.keyword.builtin.CallTestCaseKeyword$_callTestCase_closure1.call(CallTestCaseKeyword.groovy)
	at com.kms.katalon.core.keyword.internal.KeywordMain.runKeyword(KeywordMain.groovy:75)
	at com.kms.katalon.core.keyword.builtin.CallTestCaseKeyword.callTestCase(CallTestCaseKeyword.groovy:81)
	at com.kms.katalon.core.keyword.builtin.CallTestCaseKeyword.execute(CallTestCaseKeyword.groovy:44)
	at com.kms.katalon.core.keyword.internal.KeywordExecutor.executeKeywordForPlatform(KeywordExecutor.groovy:74)
	at com.kms.katalon.core.keyword.BuiltinKeywords.callTestCase(BuiltinKeywords.groovy:310)
	at java.base/jdk.internal.reflect.NativeMethodAccessorImpl.invoke0(Native Method)
	at java.base/jdk.internal.reflect.NativeMethodAccessorImpl.invoke(NativeMethodAccessorImpl.java:77)
	at java.base/jdk.internal.reflect.DelegatingMethodAccessorImpl.invoke(DelegatingMethodAccessorImpl.java:43)
	at Reserve A Medical Appointment.run(Reserve A Medical Appointment:20)
	at com.kms.katalon.core.main.ScriptEngine.run(ScriptEngine.java:194)
	at com.kms.katalon.core.main.ScriptEngine.runScriptAsRawText(ScriptEngine.java:119)
	at com.kms.katalon.core.main.TestCaseExecutor.runScript(TestCaseExecutor.java:486)
	at com.kms.katalon.core.main.TestCaseExecutor.doExecute(TestCaseExecutor.java:477)
	at com.kms.katalon.core.main.TestCaseExecutor.processExecutionPhase(TestCaseExecutor.java:456)
	at com.kms.katalon.core.main.TestCaseExecutor.accessMainPhase(TestCaseExecutor.java:448)
	at com.kms.katalon.core.main.TestCaseExecutor.execute(TestCaseExecutor.java:322)
	at com.kms.katalon.core.common.CommonExecutor.accessTestCaseMainPhase(CommonExecutor.java:71)
	at com.kms.katalon.core.main.TestSuiteExecutor.accessTestSuiteMainPhase(TestSuiteExecutor.java:160)
	at com.kms.katalon.core.main.TestSuiteExecutor.execute(TestSuiteExecutor.java:107)
	at com.kms.katalon.core.main.TestCaseMain.startTestSuite(TestCaseMain.java:186)
	at TempTestSuite1750502783204.run(TempTestSuite1750502783204.groovy:35)
	at java.base/jdk.internal.reflect.NativeMethodAccessorImpl.invoke0(Native Method)
	at java.base/jdk.internal.reflect.NativeMethodAccessorImpl.invoke(NativeMethodAccessorImpl.java:77)
	at java.base/jdk.internal.reflect.DelegatingMethodAccessorImpl.invoke(DelegatingMethodAccessorImpl.java:43)
Caused by: com.kms.katalon.core.exception.StepFailedException: com.kms.katalon.core.webui.exception.WebElementNotFoundException: Web element with id: 'Object Repository/CURA Healthcare Service/Home Page/h2_Make Appointment' located by '//section[@id='appointment']/div/div/div/h2' not found
	at com.kms.katalon.core.webui.keyword.internal.WebUIKeywordMain.stepFailed(WebUIKeywordMain.groovy:117)
	at com.kms.katalon.core.webui.keyword.builtin.VerifyElementTextKeyword$_verifyElementText_closure1.doCall(VerifyElementTextKeyword.groovy:64)
	at com.kms.katalon.core.webui.keyword.builtin.VerifyElementTextKeyword$_verifyElementText_closure1.call(VerifyElementTextKeyword.groovy)
	at com.kms.katalon.core.webui.keyword.internal.WebUIKeywordMain.runKeyword(WebUIKeywordMain.groovy:35)
	... 39 more
)

21-06-2025T13:46:40 - [MESSAGE][INFO] - Finding Test Object 'Object Repository/CURA Healthcare Service/Home Page/h2_Make Appointment'

21-06-2025T13:46:40 - [MESSAGE][INFO] - Checking object

21-06-2025T13:46:40 - [MESSAGE][INFO] - Finding web element from Test Object's properties

21-06-2025T13:46:40 - [MESSAGE][INFO] - Checking timeout

21-06-2025T13:46:40 - [MESSAGE][INFO] - Finding web element with id: 'Object Repository/CURA Healthcare Service/Home Page/h2_Make Appointment' located by 'By.xpath: //section[@id='appointment']/div/div/div/h2' in '30' second(s)

21-06-2025T13:46:40 - [MESSAGE][INFO] - Smart Wait Function is triggered

21-06-2025T13:46:40 - [MESSAGE][INFO] - Smart Wait Function is triggered

21-06-2025T13:46:41 - [MESSAGE][INFO] - Smart Wait Function is triggered

21-06-2025T13:46:41 - [MESSAGE][INFO] - Smart Wait Function is triggered

21-06-2025T13:46:41 - [MESSAGE][INFO] - Smart Wait Function is triggered

21-06-2025T13:46:41 - [MESSAGE][INFO] - Smart Wait Function is triggered

21-06-2025T13:46:42 - [MESSAGE][INFO] - Smart Wait Function is triggered

21-06-2025T13:46:42 - [MESSAGE][INFO] - Smart Wait Function is triggered

21-06-2025T13:46:42 - [MESSAGE][INFO] - Smart Wait Function is triggered

21-06-2025T13:46:42 - [MESSAGE][INFO] - Smart Wait Function is triggered

21-06-2025T13:46:43 - [MESSAGE][INFO] - Smart Wait Function is triggered

21-06-2025T13:46:43 - [MESSAGE][INFO] - Smart Wait Function is triggered

21-06-2025T13:46:43 - [MESSAGE][INFO] - Smart Wait Function is triggered

21-06-2025T13:46:43 - [MESSAGE][INFO] - Smart Wait Function is triggered

21-06-2025T13:46:43 - [MESSAGE][INFO] - Smart Wait Function is triggered

21-06-2025T13:46:44 - [MESSAGE][INFO] - Smart Wait Function is triggered

21-06-2025T13:46:44 - [MESSAGE][INFO] - Smart Wait Function is triggered

21-06-2025T13:46:44 - [MESSAGE][INFO] - Smart Wait Function is triggered

21-06-2025T13:46:44 - [MESSAGE][INFO] - Smart Wait Function is triggered

21-06-2025T13:46:45 - [MESSAGE][INFO] - Smart Wait Function is triggered

21-06-2025T13:46:45 - [MESSAGE][INFO] - Smart Wait Function is triggered

21-06-2025T13:46:45 - [MESSAGE][INFO] - Smart Wait Function is triggered

21-06-2025T13:46:45 - [MESSAGE][INFO] - Smart Wait Function is triggered

21-06-2025T13:46:46 - [MESSAGE][INFO] - Smart Wait Function is triggered

21-06-2025T13:46:46 - [MESSAGE][INFO] - Smart Wait Function is triggered

21-06-2025T13:46:46 - [MESSAGE][INFO] - Smart Wait Function is triggered

21-06-2025T13:46:46 - [MESSAGE][INFO] - Smart Wait Function is triggered

21-06-2025T13:46:47 - [MESSAGE][INFO] - Smart Wait Function is triggered

21-06-2025T13:46:47 - [MESSAGE][INFO] - Smart Wait Function is triggered

21-06-2025T13:46:47 - [MESSAGE][INFO] - Smart Wait Function is triggered

21-06-2025T13:46:47 - [MESSAGE][INFO] - Smart Wait Function is triggered

21-06-2025T13:46:48 - [MESSAGE][INFO] - Smart Wait Function is triggered

21-06-2025T13:46:48 - [MESSAGE][INFO] - Smart Wait Function is triggered

21-06-2025T13:46:48 - [MESSAGE][INFO] - Smart Wait Function is triggered

21-06-2025T13:46:48 - [MESSAGE][INFO] - Smart Wait Function is triggered

21-06-2025T13:46:49 - [MESSAGE][INFO] - Smart Wait Function is triggered

21-06-2025T13:46:49 - [MESSAGE][INFO] - Smart Wait Function is triggered

21-06-2025T13:46:49 - [MESSAGE][INFO] - Smart Wait Function is triggered

21-06-2025T13:46:49 - [MESSAGE][INFO] - Smart Wait Function is triggered

21-06-2025T13:46:50 - [MESSAGE][INFO] - Smart Wait Function is triggered

21-06-2025T13:46:50 - [MESSAGE][INFO] - Smart Wait Function is triggered

21-06-2025T13:46:50 - [MESSAGE][INFO] - Smart Wait Function is triggered

21-06-2025T13:46:50 - [MESSAGE][INFO] - Smart Wait Function is triggered

21-06-2025T13:46:51 - [MESSAGE][INFO] - Smart Wait Function is triggered

21-06-2025T13:46:51 - [MESSAGE][INFO] - Smart Wait Function is triggered

21-06-2025T13:46:51 - [MESSAGE][INFO] - Smart Wait Function is triggered

21-06-2025T13:46:51 - [MESSAGE][INFO] - Smart Wait Function is triggered

21-06-2025T13:46:51 - [MESSAGE][INFO] - Smart Wait Function is triggered

21-06-2025T13:46:52 - [MESSAGE][INFO] - Smart Wait Function is triggered

21-06-2025T13:46:52 - [MESSAGE][INFO] - Smart Wait Function is triggered

21-06-2025T13:46:52 - [MESSAGE][INFO] - Smart Wait Function is triggered

21-06-2025T13:46:52 - [MESSAGE][INFO] - Smart Wait Function is triggered

21-06-2025T13:46:53 - [MESSAGE][INFO] - Smart Wait Function is triggered

21-06-2025T13:46:53 - [MESSAGE][INFO] - Smart Wait Function is triggered

21-06-2025T13:46:53 - [MESSAGE][INFO] - Smart Wait Function is triggered

21-06-2025T13:46:53 - [MESSAGE][INFO] - Smart Wait Function is triggered

21-06-2025T13:46:54 - [MESSAGE][INFO] - Smart Wait Function is triggered

21-06-2025T13:46:54 - [MESSAGE][INFO] - Smart Wait Function is triggered

21-06-2025T13:46:54 - [MESSAGE][INFO] - Smart Wait Function is triggered

21-06-2025T13:46:54 - [MESSAGE][INFO] - Smart Wait Function is triggered

21-06-2025T13:46:55 - [MESSAGE][INFO] - Smart Wait Function is triggered

21-06-2025T13:46:55 - [MESSAGE][INFO] - Smart Wait Function is triggered

21-06-2025T13:46:55 - [MESSAGE][INFO] - Smart Wait Function is triggered

21-06-2025T13:46:55 - [MESSAGE][INFO] - Smart Wait Function is triggered

21-06-2025T13:46:56 - [MESSAGE][INFO] - Smart Wait Function is triggered

21-06-2025T13:46:56 - [MESSAGE][INFO] - Smart Wait Function is triggered

21-06-2025T13:46:56 - [MESSAGE][INFO] - Smart Wait Function is triggered

21-06-2025T13:46:56 - [MESSAGE][INFO] - Smart Wait Function is triggered

21-06-2025T13:46:56 - [MESSAGE][INFO] - Smart Wait Function is triggered

21-06-2025T13:46:57 - [MESSAGE][INFO] - Smart Wait Function is triggered

21-06-2025T13:46:57 - [MESSAGE][INFO] - Smart Wait Function is triggered

21-06-2025T13:46:57 - [MESSAGE][INFO] - Smart Wait Function is triggered

21-06-2025T13:46:57 - [MESSAGE][INFO] - Smart Wait Function is triggered

21-06-2025T13:46:58 - [MESSAGE][INFO] - Smart Wait Function is triggered

21-06-2025T13:46:58 - [MESSAGE][INFO] - Smart Wait Function is triggered

21-06-2025T13:46:58 - [MESSAGE][INFO] - Smart Wait Function is triggered

21-06-2025T13:46:58 - [MESSAGE][INFO] - Smart Wait Function is triggered

21-06-2025T13:46:59 - [MESSAGE][INFO] - Smart Wait Function is triggered

21-06-2025T13:46:59 - [MESSAGE][INFO] - Smart Wait Function is triggered

21-06-2025T13:46:59 - [MESSAGE][INFO] - Smart Wait Function is triggered

21-06-2025T13:46:59 - [MESSAGE][INFO] - Smart Wait Function is triggered

21-06-2025T13:47:00 - [MESSAGE][INFO] - Smart Wait Function is triggered

21-06-2025T13:47:00 - [MESSAGE][INFO] - Smart Wait Function is triggered

21-06-2025T13:47:00 - [MESSAGE][INFO] - Smart Wait Function is triggered

21-06-2025T13:47:00 - [MESSAGE][INFO] - Smart Wait Function is triggered

21-06-2025T13:47:01 - [MESSAGE][INFO] - Smart Wait Function is triggered

21-06-2025T13:47:01 - [MESSAGE][INFO] - Smart Wait Function is triggered

21-06-2025T13:47:01 - [MESSAGE][INFO] - Smart Wait Function is triggered

21-06-2025T13:47:01 - [MESSAGE][INFO] - Smart Wait Function is triggered

21-06-2025T13:47:02 - [MESSAGE][INFO] - Smart Wait Function is triggered

21-06-2025T13:47:02 - [MESSAGE][INFO] - Smart Wait Function is triggered

21-06-2025T13:47:02 - [MESSAGE][INFO] - Smart Wait Function is triggered

21-06-2025T13:47:02 - [MESSAGE][INFO] - Smart Wait Function is triggered

21-06-2025T13:47:02 - [MESSAGE][INFO] - Smart Wait Function is triggered

21-06-2025T13:47:03 - [MESSAGE][INFO] - Smart Wait Function is triggered

21-06-2025T13:47:03 - [MESSAGE][INFO] - Smart Wait Function is triggered

21-06-2025T13:47:03 - [MESSAGE][INFO] - Smart Wait Function is triggered

21-06-2025T13:47:03 - [MESSAGE][INFO] - Smart Wait Function is triggered

21-06-2025T13:47:04 - [MESSAGE][INFO] - Smart Wait Function is triggered

21-06-2025T13:47:04 - [MESSAGE][INFO] - Smart Wait Function is triggered

21-06-2025T13:47:04 - [MESSAGE][INFO] - Smart Wait Function is triggered

21-06-2025T13:47:04 - [MESSAGE][INFO] - Smart Wait Function is triggered

21-06-2025T13:47:05 - [MESSAGE][INFO] - Smart Wait Function is triggered

21-06-2025T13:47:05 - [MESSAGE][INFO] - Smart Wait Function is triggered

21-06-2025T13:47:05 - [MESSAGE][INFO] - Smart Wait Function is triggered

21-06-2025T13:47:05 - [MESSAGE][INFO] - Smart Wait Function is triggered

21-06-2025T13:47:06 - [MESSAGE][INFO] - Smart Wait Function is triggered

21-06-2025T13:47:06 - [MESSAGE][INFO] - Smart Wait Function is triggered

21-06-2025T13:47:06 - [MESSAGE][INFO] - Smart Wait Function is triggered

21-06-2025T13:47:06 - [MESSAGE][INFO] - Smart Wait Function is triggered

21-06-2025T13:47:07 - [MESSAGE][INFO] - Smart Wait Function is triggered

21-06-2025T13:47:07 - [MESSAGE][INFO] - Smart Wait Function is triggered

21-06-2025T13:47:07 - [MESSAGE][INFO] - Smart Wait Function is triggered

21-06-2025T13:47:07 - [MESSAGE][INFO] - Smart Wait Function is triggered

21-06-2025T13:47:08 - [MESSAGE][INFO] - Smart Wait Function is triggered

21-06-2025T13:47:08 - [MESSAGE][INFO] - Smart Wait Function is triggered

21-06-2025T13:47:08 - [MESSAGE][INFO] - Smart Wait Function is triggered

21-06-2025T13:47:08 - [MESSAGE][INFO] - Smart Wait Function is triggered

21-06-2025T13:47:08 - [MESSAGE][INFO] - Smart Wait Function is triggered

21-06-2025T13:47:09 - [MESSAGE][INFO] - Smart Wait Function is triggered

21-06-2025T13:47:09 - [MESSAGE][INFO] - Smart Wait Function is triggered

21-06-2025T13:47:09 - [MESSAGE][INFO] - Smart Wait Function is triggered

21-06-2025T13:47:09 - [MESSAGE][INFO] - Smart Wait Function is triggered

21-06-2025T13:47:10 - [MESSAGE][INFO] - Smart Wait Function is triggered

21-06-2025T13:47:10 - [MESSAGE][INFO] - Smart Wait Function is triggered

21-06-2025T13:47:10 - [MESSAGE][INFO] - Smart Wait Function is triggered

21-06-2025T13:47:10 - [MESSAGE][INFO] - Smart Wait Function is triggered

21-06-2025T13:47:11 - [MESSAGE][INFO] - Smart Wait Function is triggered

21-06-2025T13:47:11 - [MESSAGE][INFO] - Smart Wait Function is triggered

21-06-2025T13:47:11 - [MESSAGE][INFO] - Unable to find the element located by 'By.xpath: //section[@id='appointment']/div/div/div/h2'. Please recheck the objects properties to make sure the desired element is located. 

21-06-2025T13:47:11 - [MESSAGE][FAILED] - com.kms.katalon.core.webui.exception.WebElementNotFoundException: Web element with id: 'Object Repository/CURA Healthcare Service/Home Page/h2_Make Appointment' located by '//section[@id='appointment']/div/div/div/h2' not found (Root cause: com.kms.katalon.core.exception.StepFailedException: com.kms.katalon.core.webui.exception.WebElementNotFoundException: Web element with id: 'Object Repository/CURA Healthcare Service/Home Page/h2_Make Appointment' located by '//section[@id='appointment']/div/div/div/h2' not found
	at com.kms.katalon.core.webui.keyword.internal.WebUIKeywordMain.stepFailed(WebUIKeywordMain.groovy:117)
	at com.kms.katalon.core.webui.keyword.builtin.VerifyElementTextKeyword$_verifyElementText_closure1.doCall(VerifyElementTextKeyword.groovy:64)
	at com.kms.katalon.core.webui.keyword.builtin.VerifyElementTextKeyword$_verifyElementText_closure1.call(VerifyElementTextKeyword.groovy)
	at com.kms.katalon.core.webui.keyword.internal.WebUIKeywordMain.runKeyword(WebUIKeywordMain.groovy:35)
	at com.kms.katalon.core.webui.keyword.builtin.VerifyElementTextKeyword.verifyElementText(VerifyElementTextKeyword.groovy:72)
	at com.kms.katalon.core.webui.keyword.builtin.VerifyElementTextKeyword.execute(VerifyElementTextKeyword.groovy:40)
	at com.kms.katalon.core.keyword.internal.KeywordExecutor.executeKeywordForPlatform(KeywordExecutor.groovy:74)
	at com.kms.katalon.core.webui.keyword.WebUiBuiltInKeywords.verifyElementText(WebUiBuiltInKeywords.groovy:4994)
	at Login.run(Login:32)
	at com.kms.katalon.core.main.ScriptEngine.run(ScriptEngine.java:194)
	at com.kms.katalon.core.main.ScriptEngine.runScriptAsRawText(ScriptEngine.java:119)
	at com.kms.katalon.core.main.TestCaseExecutor.runScript(TestCaseExecutor.java:486)
	at com.kms.katalon.core.main.TestCaseExecutor.doExecute(TestCaseExecutor.java:477)
	at com.kms.katalon.core.main.TestCaseExecutor.processExecutionPhase(TestCaseExecutor.java:456)
	at com.kms.katalon.core.main.TestCaseExecutor.accessMainPhase(TestCaseExecutor.java:448)
	at com.kms.katalon.core.main.TestCaseExecutor.execute(TestCaseExecutor.java:322)
	at com.kms.katalon.core.main.TestCaseMain.runTestCase(TestCaseMain.java:142)
	at com.kms.katalon.core.keyword.builtin.CallTestCaseKeyword$_callTestCase_closure1.doCall(CallTestCaseKeyword.groovy:59)
	at com.kms.katalon.core.keyword.builtin.CallTestCaseKeyword$_callTestCase_closure1.call(CallTestCaseKeyword.groovy)
	at com.kms.katalon.core.keyword.internal.KeywordMain.runKeyword(KeywordMain.groovy:75)
	at com.kms.katalon.core.keyword.builtin.CallTestCaseKeyword.callTestCase(CallTestCaseKeyword.groovy:81)
	at com.kms.katalon.core.keyword.builtin.CallTestCaseKeyword.execute(CallTestCaseKeyword.groovy:44)
	at com.kms.katalon.core.keyword.internal.KeywordExecutor.executeKeywordForPlatform(KeywordExecutor.groovy:74)
	at com.kms.katalon.core.keyword.BuiltinKeywords.callTestCase(BuiltinKeywords.groovy:310)
	at java.base/jdk.internal.reflect.NativeMethodAccessorImpl.invoke0(Native Method)
	at java.base/jdk.internal.reflect.NativeMethodAccessorImpl.invoke(NativeMethodAccessorImpl.java:77)
	at java.base/jdk.internal.reflect.DelegatingMethodAccessorImpl.invoke(DelegatingMethodAccessorImpl.java:43)
	at Reserve A Medical Appointment.run(Reserve A Medical Appointment:20)
	at com.kms.katalon.core.main.ScriptEngine.run(ScriptEngine.java:194)
	at com.kms.katalon.core.main.ScriptEngine.runScriptAsRawText(ScriptEngine.java:119)
	at com.kms.katalon.core.main.TestCaseExecutor.runScript(TestCaseExecutor.java:486)
	at com.kms.katalon.core.main.TestCaseExecutor.doExecute(TestCaseExecutor.java:477)
	at com.kms.katalon.core.main.TestCaseExecutor.processExecutionPhase(TestCaseExecutor.java:456)
	at com.kms.katalon.core.main.TestCaseExecutor.accessMainPhase(TestCaseExecutor.java:448)
	at com.kms.katalon.core.main.TestCaseExecutor.execute(TestCaseExecutor.java:322)
	at com.kms.katalon.core.common.CommonExecutor.accessTestCaseMainPhase(CommonExecutor.java:71)
	at com.kms.katalon.core.main.TestSuiteExecutor.accessTestSuiteMainPhase(TestSuiteExecutor.java:160)
	at com.kms.katalon.core.main.TestSuiteExecutor.execute(TestSuiteExecutor.java:107)
	at com.kms.katalon.core.main.TestCaseMain.startTestSuite(TestCaseMain.java:186)
	at TempTestSuite1750502783204.run(TempTestSuite1750502783204.groovy:35)
	at java.base/jdk.internal.reflect.NativeMethodAccessorImpl.invoke0(Native Method)
	at java.base/jdk.internal.reflect.NativeMethodAccessorImpl.invoke(NativeMethodAccessorImpl.java:77)
	at java.base/jdk.internal.reflect.DelegatingMethodAccessorImpl.invoke(DelegatingMethodAccessorImpl.java:43)
)
[[ATTACHMENT|C:\\Users\\user\\Katalon Studio\\Levelup To Automation With Katalon\\Reports\\20250621_134623\\Reserve Medical Appointment Suite\\20250621_134623\\1750502831574.png]]

21-06-2025T13:47:11 - [MESSAGE][FAILED] - Verify element text of test object 'Object Repository/CURA Healthcare Service/Home Page/h2_Make Appointment' FAILED. (Root cause: com.kms.katalon.core.exception.StepFailedException: Verify element text of test object 'Object Repository/CURA Healthcare Service/Home Page/h2_Make Appointment' FAILED.
	at com.kms.katalon.core.webui.keyword.internal.WebUIKeywordMain.stepFailed(WebUIKeywordMain.groovy:117)
	at com.kms.katalon.core.webui.keyword.internal.WebUIKeywordMain.runKeyword(WebUIKeywordMain.groovy:43)
	at com.kms.katalon.core.webui.keyword.builtin.VerifyElementTextKeyword.verifyElementText(VerifyElementTextKeyword.groovy:72)
	at com.kms.katalon.core.webui.keyword.builtin.VerifyElementTextKeyword.execute(VerifyElementTextKeyword.groovy:40)
	at com.kms.katalon.core.keyword.internal.KeywordExecutor.executeKeywordForPlatform(KeywordExecutor.groovy:74)
	at com.kms.katalon.core.webui.keyword.WebUiBuiltInKeywords.verifyElementText(WebUiBuiltInKeywords.groovy:4994)
	at Login.run(Login:32)
	at com.kms.katalon.core.main.ScriptEngine.run(ScriptEngine.java:194)
	at com.kms.katalon.core.main.ScriptEngine.runScriptAsRawText(ScriptEngine.java:119)
	at com.kms.katalon.core.main.TestCaseExecutor.runScript(TestCaseExecutor.java:486)
	at com.kms.katalon.core.main.TestCaseExecutor.doExecute(TestCaseExecutor.java:477)
	at com.kms.katalon.core.main.TestCaseExecutor.processExecutionPhase(TestCaseExecutor.java:456)
	at com.kms.katalon.core.main.TestCaseExecutor.accessMainPhase(TestCaseExecutor.java:448)
	at com.kms.katalon.core.main.TestCaseExecutor.execute(TestCaseExecutor.java:322)
	at com.kms.katalon.core.main.TestCaseMain.runTestCase(TestCaseMain.java:142)
	at com.kms.katalon.core.keyword.builtin.CallTestCaseKeyword$_callTestCase_closure1.doCall(CallTestCaseKeyword.groovy:59)
	at com.kms.katalon.core.keyword.builtin.CallTestCaseKeyword$_callTestCase_closure1.call(CallTestCaseKeyword.groovy)
	at com.kms.katalon.core.keyword.internal.KeywordMain.runKeyword(KeywordMain.groovy:75)
	at com.kms.katalon.core.keyword.builtin.CallTestCaseKeyword.callTestCase(CallTestCaseKeyword.groovy:81)
	at com.kms.katalon.core.keyword.builtin.CallTestCaseKeyword.execute(CallTestCaseKeyword.groovy:44)
	at com.kms.katalon.core.keyword.internal.KeywordExecutor.executeKeywordForPlatform(KeywordExecutor.groovy:74)
	at com.kms.katalon.core.keyword.BuiltinKeywords.callTestCase(BuiltinKeywords.groovy:310)
	at java.base/jdk.internal.reflect.NativeMethodAccessorImpl.invoke0(Native Method)
	at java.base/jdk.internal.reflect.NativeMethodAccessorImpl.invoke(NativeMethodAccessorImpl.java:77)
	at java.base/jdk.internal.reflect.DelegatingMethodAccessorImpl.invoke(DelegatingMethodAccessorImpl.java:43)
	at Reserve A Medical Appointment.run(Reserve A Medical Appointment:20)
	at com.kms.katalon.core.main.ScriptEngine.run(ScriptEngine.java:194)
	at com.kms.katalon.core.main.ScriptEngine.runScriptAsRawText(ScriptEngine.java:119)
	at com.kms.katalon.core.main.TestCaseExecutor.runScript(TestCaseExecutor.java:486)
	at com.kms.katalon.core.main.TestCaseExecutor.doExecute(TestCaseExecutor.java:477)
	at com.kms.katalon.core.main.TestCaseExecutor.processExecutionPhase(TestCaseExecutor.java:456)
	at com.kms.katalon.core.main.TestCaseExecutor.accessMainPhase(TestCaseExecutor.java:448)
	at com.kms.katalon.core.main.TestCaseExecutor.execute(TestCaseExecutor.java:322)
	at com.kms.katalon.core.common.CommonExecutor.accessTestCaseMainPhase(CommonExecutor.java:71)
	at com.kms.katalon.core.main.TestSuiteExecutor.accessTestSuiteMainPhase(TestSuiteExecutor.java:160)
	at com.kms.katalon.core.main.TestSuiteExecutor.execute(TestSuiteExecutor.java:107)
	at com.kms.katalon.core.main.TestCaseMain.startTestSuite(TestCaseMain.java:186)
	at TempTestSuite1750502783204.run(TempTestSuite1750502783204.groovy:35)
	at java.base/jdk.internal.reflect.NativeMethodAccessorImpl.invoke0(Native Method)
	at java.base/jdk.internal.reflect.NativeMethodAccessorImpl.invoke(NativeMethodAccessorImpl.java:77)
	at java.base/jdk.internal.reflect.DelegatingMethodAccessorImpl.invoke(DelegatingMethodAccessorImpl.java:43)
Caused by: com.kms.katalon.core.exception.StepFailedException: com.kms.katalon.core.webui.exception.WebElementNotFoundException: Web element with id: 'Object Repository/CURA Healthcare Service/Home Page/h2_Make Appointment' located by '//section[@id='appointment']/div/div/div/h2' not found
	at com.kms.katalon.core.webui.keyword.internal.WebUIKeywordMain.stepFailed(WebUIKeywordMain.groovy:117)
	at com.kms.katalon.core.webui.keyword.builtin.VerifyElementTextKeyword$_verifyElementText_closure1.doCall(VerifyElementTextKeyword.groovy:64)
	at com.kms.katalon.core.webui.keyword.builtin.VerifyElementTextKeyword$_verifyElementText_closure1.call(VerifyElementTextKeyword.groovy)
	at com.kms.katalon.core.webui.keyword.internal.WebUIKeywordMain.runKeyword(WebUIKeywordMain.groovy:35)
	... 39 more
)
[[ATTACHMENT|C:\\Users\\user\\Katalon Studio\\Levelup To Automation With Katalon\\Reports\\20250621_134623\\Reserve Medical Appointment Suite\\20250621_134623\\1750502831747.png]]

21-06-2025T13:47:11 - [MESSAGE][FAILED] - Unable to call Test Case 'Test Cases/Week 1 - Kickstart Test Automation/Login' (Root cause: com.kms.katalon.core.exception.StepFailedException: Call Test Case 'Test Cases/Week 1 - Kickstart Test Automation/Login' failed
	at com.kms.katalon.core.keyword.builtin.CallTestCaseKeyword$_callTestCase_closure1.doCall(CallTestCaseKeyword.groovy:63)
	at com.kms.katalon.core.keyword.builtin.CallTestCaseKeyword$_callTestCase_closure1.call(CallTestCaseKeyword.groovy)
	at com.kms.katalon.core.keyword.internal.KeywordMain.runKeyword(KeywordMain.groovy:75)
	at com.kms.katalon.core.keyword.builtin.CallTestCaseKeyword.callTestCase(CallTestCaseKeyword.groovy:81)
	at com.kms.katalon.core.keyword.builtin.CallTestCaseKeyword.execute(CallTestCaseKeyword.groovy:44)
	at com.kms.katalon.core.keyword.internal.KeywordExecutor.executeKeywordForPlatform(KeywordExecutor.groovy:74)
	at com.kms.katalon.core.keyword.BuiltinKeywords.callTestCase(BuiltinKeywords.groovy:310)
	at java.base/jdk.internal.reflect.NativeMethodAccessorImpl.invoke0(Native Method)
	at java.base/jdk.internal.reflect.NativeMethodAccessorImpl.invoke(NativeMethodAccessorImpl.java:77)
	at java.base/jdk.internal.reflect.DelegatingMethodAccessorImpl.invoke(DelegatingMethodAccessorImpl.java:43)
	at Reserve A Medical Appointment.run(Reserve A Medical Appointment:20)
	at com.kms.katalon.core.main.ScriptEngine.run(ScriptEngine.java:194)
	at com.kms.katalon.core.main.ScriptEngine.runScriptAsRawText(ScriptEngine.java:119)
	at com.kms.katalon.core.main.TestCaseExecutor.runScript(TestCaseExecutor.java:486)
	at com.kms.katalon.core.main.TestCaseExecutor.doExecute(TestCaseExecutor.java:477)
	at com.kms.katalon.core.main.TestCaseExecutor.processExecutionPhase(TestCaseExecutor.java:456)
	at com.kms.katalon.core.main.TestCaseExecutor.accessMainPhase(TestCaseExecutor.java:448)
	at com.kms.katalon.core.main.TestCaseExecutor.execute(TestCaseExecutor.java:322)
	at com.kms.katalon.core.common.CommonExecutor.accessTestCaseMainPhase(CommonExecutor.java:71)
	at com.kms.katalon.core.main.TestSuiteExecutor.accessTestSuiteMainPhase(TestSuiteExecutor.java:160)
	at com.kms.katalon.core.main.TestSuiteExecutor.execute(TestSuiteExecutor.java:107)
	at com.kms.katalon.core.main.TestCaseMain.startTestSuite(TestCaseMain.java:186)
	at TempTestSuite1750502783204.run(TempTestSuite1750502783204.groovy:35)
	at java.base/jdk.internal.reflect.NativeMethodAccessorImpl.invoke0(Native Method)
	at java.base/jdk.internal.reflect.NativeMethodAccessorImpl.invoke(NativeMethodAccessorImpl.java:77)
	at java.base/jdk.internal.reflect.DelegatingMethodAccessorImpl.invoke(DelegatingMethodAccessorImpl.java:43)
Caused by: com.kms.katalon.core.exception.StepFailedException: Verify element text of test object 'Object Repository/CURA Healthcare Service/Home Page/h2_Make Appointment' FAILED.
	at com.kms.katalon.core.webui.keyword.internal.WebUIKeywordMain.stepFailed(WebUIKeywordMain.groovy:117)
	at com.kms.katalon.core.webui.keyword.internal.WebUIKeywordMain.runKeyword(WebUIKeywordMain.groovy:43)
	at com.kms.katalon.core.webui.keyword.builtin.VerifyElementTextKeyword.verifyElementText(VerifyElementTextKeyword.groovy:72)
	at com.kms.katalon.core.webui.keyword.builtin.VerifyElementTextKeyword.execute(VerifyElementTextKeyword.groovy:40)
	at com.kms.katalon.core.keyword.internal.KeywordExecutor.executeKeywordForPlatform(KeywordExecutor.groovy:74)
	at com.kms.katalon.core.webui.keyword.WebUiBuiltInKeywords.verifyElementText(WebUiBuiltInKeywords.groovy:4994)
	at Login.run(Login:32)
	at com.kms.katalon.core.main.ScriptEngine.run(ScriptEngine.java:194)
	at com.kms.katalon.core.main.ScriptEngine.runScriptAsRawText(ScriptEngine.java:119)
	at com.kms.katalon.core.main.TestCaseExecutor.runScript(TestCaseExecutor.java:486)
	at com.kms.katalon.core.main.TestCaseExecutor.doExecute(TestCaseExecutor.java:477)
	at com.kms.katalon.core.main.TestCaseExecutor.processExecutionPhase(TestCaseExecutor.java:456)
	at com.kms.katalon.core.main.TestCaseExecutor.accessMainPhase(TestCaseExecutor.java:448)
	at com.kms.katalon.core.main.TestCaseExecutor.execute(TestCaseExecutor.java:322)
	at com.kms.katalon.core.main.TestCaseMain.runTestCase(TestCaseMain.java:142)
	at com.kms.katalon.core.keyword.builtin.CallTestCaseKeyword$_callTestCase_closure1.doCall(CallTestCaseKeyword.groovy:59)
	... 25 more
Caused by: com.kms.katalon.core.exception.StepFailedException: com.kms.katalon.core.webui.exception.WebElementNotFoundException: Web element with id: 'Object Repository/CURA Healthcare Service/Home Page/h2_Make Appointment' located by '//section[@id='appointment']/div/div/div/h2' not found
	at com.kms.katalon.core.webui.keyword.internal.WebUIKeywordMain.stepFailed(WebUIKeywordMain.groovy:117)
	at com.kms.katalon.core.webui.keyword.builtin.VerifyElementTextKeyword$_verifyElementText_closure1.doCall(VerifyElementTextKeyword.groovy:64)
	at com.kms.katalon.core.webui.keyword.builtin.VerifyElementTextKeyword$_verifyElementText_closure1.call(VerifyElementTextKeyword.groovy)
	at com.kms.katalon.core.webui.keyword.internal.WebUIKeywordMain.runKeyword(WebUIKeywordMain.groovy:35)
	... 39 more
)

21-06-2025T13:47:13 - [TEST_STEP][PASSED] - Video: Video recording for test case 'Test Cases/Week 1 - Kickstart Test Automation/Reserve A Medical Appointment' .

21-06-2025T13:47:13 - [MESSAGE][INFO] - Video recording for test case 'Test Cases/Week 1 - Kickstart Test Automation/Reserve A Medical Appointment' .]]></system-out>
         <system-err><![CDATA[21-06-2025T13:46:30 - [TEST_CASE][FAILED] - Test Cases/Week 1 - Kickstart Test Automation/Reserve A Medical Appointment: Test Cases/Week 1 - Kickstart Test Automation/Reserve A Medical Appointment FAILED.
Reason:
com.kms.katalon.core.exception.StepFailedException: Call Test Case 'Test Cases/Week 1 - Kickstart Test Automation/Login' failed
	at com.kms.katalon.core.keyword.builtin.CallTestCaseKeyword$_callTestCase_closure1.doCall(CallTestCaseKeyword.groovy:63)
	at com.kms.katalon.core.keyword.builtin.CallTestCaseKeyword$_callTestCase_closure1.call(CallTestCaseKeyword.groovy)
	at com.kms.katalon.core.keyword.internal.KeywordMain.runKeyword(KeywordMain.groovy:75)
	at com.kms.katalon.core.keyword.builtin.CallTestCaseKeyword.callTestCase(CallTestCaseKeyword.groovy:81)
	at com.kms.katalon.core.keyword.builtin.CallTestCaseKeyword.execute(CallTestCaseKeyword.groovy:44)
	at com.kms.katalon.core.keyword.internal.KeywordExecutor.executeKeywordForPlatform(KeywordExecutor.groovy:74)
	at com.kms.katalon.core.keyword.BuiltinKeywords.callTestCase(BuiltinKeywords.groovy:310)
	at java.base/jdk.internal.reflect.NativeMethodAccessorImpl.invoke0(Native Method)
	at java.base/jdk.internal.reflect.NativeMethodAccessorImpl.invoke(NativeMethodAccessorImpl.java:77)
	at java.base/jdk.internal.reflect.DelegatingMethodAccessorImpl.invoke(DelegatingMethodAccessorImpl.java:43)
	at Reserve A Medical Appointment.run(Reserve A Medical Appointment:20)
	at com.kms.katalon.core.main.ScriptEngine.run(ScriptEngine.java:194)
	at com.kms.katalon.core.main.ScriptEngine.runScriptAsRawText(ScriptEngine.java:119)
	at com.kms.katalon.core.main.TestCaseExecutor.runScript(TestCaseExecutor.java:486)
	at com.kms.katalon.core.main.TestCaseExecutor.doExecute(TestCaseExecutor.java:477)
	at com.kms.katalon.core.main.TestCaseExecutor.processExecutionPhase(TestCaseExecutor.java:456)
	at com.kms.katalon.core.main.TestCaseExecutor.accessMainPhase(TestCaseExecutor.java:448)
	at com.kms.katalon.core.main.TestCaseExecutor.execute(TestCaseExecutor.java:322)
	at com.kms.katalon.core.common.CommonExecutor.accessTestCaseMainPhase(CommonExecutor.java:71)
	at com.kms.katalon.core.main.TestSuiteExecutor.accessTestSuiteMainPhase(TestSuiteExecutor.java:160)
	at com.kms.katalon.core.main.TestSuiteExecutor.execute(TestSuiteExecutor.java:107)
	at com.kms.katalon.core.main.TestCaseMain.startTestSuite(TestCaseMain.java:186)
	at TempTestSuite1750502783204.run(TempTestSuite1750502783204.groovy:35)
	at java.base/jdk.internal.reflect.NativeMethodAccessorImpl.invoke0(Native Method)
	at java.base/jdk.internal.reflect.NativeMethodAccessorImpl.invoke(NativeMethodAccessorImpl.java:77)
	at java.base/jdk.internal.reflect.DelegatingMethodAccessorImpl.invoke(DelegatingMethodAccessorImpl.java:43)
Caused by: com.kms.katalon.core.exception.StepFailedException: Verify element text of test object 'Object Repository/CURA Healthcare Service/Home Page/h2_Make Appointment' FAILED.
	at com.kms.katalon.core.webui.keyword.internal.WebUIKeywordMain.stepFailed(WebUIKeywordMain.groovy:117)
	at com.kms.katalon.core.webui.keyword.internal.WebUIKeywordMain.runKeyword(WebUIKeywordMain.groovy:43)
	at com.kms.katalon.core.webui.keyword.builtin.VerifyElementTextKeyword.verifyElementText(VerifyElementTextKeyword.groovy:72)
	at com.kms.katalon.core.webui.keyword.builtin.VerifyElementTextKeyword.execute(VerifyElementTextKeyword.groovy:40)
	at com.kms.katalon.core.keyword.internal.KeywordExecutor.executeKeywordForPlatform(KeywordExecutor.groovy:74)
	at com.kms.katalon.core.webui.keyword.WebUiBuiltInKeywords.verifyElementText(WebUiBuiltInKeywords.groovy:4994)
	at Login.run(Login:32)
	at com.kms.katalon.core.main.ScriptEngine.run(ScriptEngine.java:194)
	at com.kms.katalon.core.main.ScriptEngine.runScriptAsRawText(ScriptEngine.java:119)
	at com.kms.katalon.core.main.TestCaseExecutor.runScript(TestCaseExecutor.java:486)
	at com.kms.katalon.core.main.TestCaseExecutor.doExecute(TestCaseExecutor.java:477)
	at com.kms.katalon.core.main.TestCaseExecutor.processExecutionPhase(TestCaseExecutor.java:456)
	at com.kms.katalon.core.main.TestCaseExecutor.accessMainPhase(TestCaseExecutor.java:448)
	at com.kms.katalon.core.main.TestCaseExecutor.execute(TestCaseExecutor.java:322)
	at com.kms.katalon.core.main.TestCaseMain.runTestCase(TestCaseMain.java:142)
	at com.kms.katalon.core.keyword.builtin.CallTestCaseKeyword$_callTestCase_closure1.doCall(CallTestCaseKeyword.groovy:59)
	... 25 more
Caused by: com.kms.katalon.core.exception.StepFailedException: com.kms.katalon.core.webui.exception.WebElementNotFoundException: Web element with id: 'Object Repository/CURA Healthcare Service/Home Page/h2_Make Appointment' located by '//section[@id='appointment']/div/div/div/h2' not found
	at com.kms.katalon.core.webui.keyword.internal.WebUIKeywordMain.stepFailed(WebUIKeywordMain.groovy:117)
	at com.kms.katalon.core.webui.keyword.builtin.VerifyElementTextKeyword$_verifyElementText_closure1.doCall(VerifyElementTextKeyword.groovy:64)
	at com.kms.katalon.core.webui.keyword.builtin.VerifyElementTextKeyword$_verifyElementText_closure1.call(VerifyElementTextKeyword.groovy)
	at com.kms.katalon.core.webui.keyword.internal.WebUIKeywordMain.runKeyword(WebUIKeywordMain.groovy:35)
	... 39 more]]></system-err>
      </testcase>
      <system-out><![CDATA[21-06-2025T13:46:29 - [TEST_SUITE][FAILED] - Reserve Medical Appointment Suite: Test Cases/Week 1 - Kickstart Test Automation/Reserve A Medical Appointment FAILED.
Reason:
com.kms.katalon.core.exception.StepFailedException: Call Test Case 'Test Cases/Week 1 - Kickstart Test Automation/Login' failed
	at com.kms.katalon.core.keyword.builtin.CallTestCaseKeyword$_callTestCase_closure1.doCall(CallTestCaseKeyword.groovy:63)
	at com.kms.katalon.core.keyword.builtin.CallTestCaseKeyword$_callTestCase_closure1.call(CallTestCaseKeyword.groovy)
	at com.kms.katalon.core.keyword.internal.KeywordMain.runKeyword(KeywordMain.groovy:75)
	at com.kms.katalon.core.keyword.builtin.CallTestCaseKeyword.callTestCase(CallTestCaseKeyword.groovy:81)
	at com.kms.katalon.core.keyword.builtin.CallTestCaseKeyword.execute(CallTestCaseKeyword.groovy:44)
	at com.kms.katalon.core.keyword.internal.KeywordExecutor.executeKeywordForPlatform(KeywordExecutor.groovy:74)
	at com.kms.katalon.core.keyword.BuiltinKeywords.callTestCase(BuiltinKeywords.groovy:310)
	at java.base/jdk.internal.reflect.NativeMethodAccessorImpl.invoke0(Native Method)
	at java.base/jdk.internal.reflect.NativeMethodAccessorImpl.invoke(NativeMethodAccessorImpl.java:77)
	at java.base/jdk.internal.reflect.DelegatingMethodAccessorImpl.invoke(DelegatingMethodAccessorImpl.java:43)
	at Reserve A Medical Appointment.run(Reserve A Medical Appointment:20)
	at com.kms.katalon.core.main.ScriptEngine.run(ScriptEngine.java:194)
	at com.kms.katalon.core.main.ScriptEngine.runScriptAsRawText(ScriptEngine.java:119)
	at com.kms.katalon.core.main.TestCaseExecutor.runScript(TestCaseExecutor.java:486)
	at com.kms.katalon.core.main.TestCaseExecutor.doExecute(TestCaseExecutor.java:477)
	at com.kms.katalon.core.main.TestCaseExecutor.processExecutionPhase(TestCaseExecutor.java:456)
	at com.kms.katalon.core.main.TestCaseExecutor.accessMainPhase(TestCaseExecutor.java:448)
	at com.kms.katalon.core.main.TestCaseExecutor.execute(TestCaseExecutor.java:322)
	at com.kms.katalon.core.common.CommonExecutor.accessTestCaseMainPhase(CommonExecutor.java:71)
	at com.kms.katalon.core.main.TestSuiteExecutor.accessTestSuiteMainPhase(TestSuiteExecutor.java:160)
	at com.kms.katalon.core.main.TestSuiteExecutor.execute(TestSuiteExecutor.java:107)
	at com.kms.katalon.core.main.TestCaseMain.startTestSuite(TestCaseMain.java:186)
	at TempTestSuite1750502783204.run(TempTestSuite1750502783204.groovy:35)
	at java.base/jdk.internal.reflect.NativeMethodAccessorImpl.invoke0(Native Method)
	at java.base/jdk.internal.reflect.NativeMethodAccessorImpl.invoke(NativeMethodAccessorImpl.java:77)
	at java.base/jdk.internal.reflect.DelegatingMethodAccessorImpl.invoke(DelegatingMethodAccessorImpl.java:43)
Caused by: com.kms.katalon.core.exception.StepFailedException: Verify element text of test object 'Object Repository/CURA Healthcare Service/Home Page/h2_Make Appointment' FAILED.
	at com.kms.katalon.core.webui.keyword.internal.WebUIKeywordMain.stepFailed(WebUIKeywordMain.groovy:117)
	at com.kms.katalon.core.webui.keyword.internal.WebUIKeywordMain.runKeyword(WebUIKeywordMain.groovy:43)
	at com.kms.katalon.core.webui.keyword.builtin.VerifyElementTextKeyword.verifyElementText(VerifyElementTextKeyword.groovy:72)
	at com.kms.katalon.core.webui.keyword.builtin.VerifyElementTextKeyword.execute(VerifyElementTextKeyword.groovy:40)
	at com.kms.katalon.core.keyword.internal.KeywordExecutor.executeKeywordForPlatform(KeywordExecutor.groovy:74)
	at com.kms.katalon.core.webui.keyword.WebUiBuiltInKeywords.verifyElementText(WebUiBuiltInKeywords.groovy:4994)
	at Login.run(Login:32)
	at com.kms.katalon.core.main.ScriptEngine.run(ScriptEngine.java:194)
	at com.kms.katalon.core.main.ScriptEngine.runScriptAsRawText(ScriptEngine.java:119)
	at com.kms.katalon.core.main.TestCaseExecutor.runScript(TestCaseExecutor.java:486)
	at com.kms.katalon.core.main.TestCaseExecutor.doExecute(TestCaseExecutor.java:477)
	at com.kms.katalon.core.main.TestCaseExecutor.processExecutionPhase(TestCaseExecutor.java:456)
	at com.kms.katalon.core.main.TestCaseExecutor.accessMainPhase(TestCaseExecutor.java:448)
	at com.kms.katalon.core.main.TestCaseExecutor.execute(TestCaseExecutor.java:322)
	at com.kms.katalon.core.main.TestCaseMain.runTestCase(TestCaseMain.java:142)
	at com.kms.katalon.core.keyword.builtin.CallTestCaseKeyword$_callTestCase_closure1.doCall(CallTestCaseKeyword.groovy:59)
	... 25 more
Caused by: com.kms.katalon.core.exception.StepFailedException: com.kms.katalon.core.webui.exception.WebElementNotFoundException: Web element with id: 'Object Repository/CURA Healthcare Service/Home Page/h2_Make Appointment' located by '//section[@id='appointment']/div/div/div/h2' not found
	at com.kms.katalon.core.webui.keyword.internal.WebUIKeywordMain.stepFailed(WebUIKeywordMain.groovy:117)
	at com.kms.katalon.core.webui.keyword.builtin.VerifyElementTextKeyword$_verifyElementText_closure1.doCall(VerifyElementTextKeyword.groovy:64)
	at com.kms.katalon.core.webui.keyword.builtin.VerifyElementTextKeyword$_verifyElementText_closure1.call(VerifyElementTextKeyword.groovy)
	at com.kms.katalon.core.webui.keyword.internal.WebUIKeywordMain.runKeyword(WebUIKeywordMain.groovy:35)
	... 39 more]]></system-out>
      <system-err><![CDATA[21-06-2025T13:46:29 - [TEST_SUITE][FAILED] - Reserve Medical Appointment Suite: Test Cases/Week 1 - Kickstart Test Automation/Reserve A Medical Appointment FAILED.
Reason:
com.kms.katalon.core.exception.StepFailedException: Call Test Case 'Test Cases/Week 1 - Kickstart Test Automation/Login' failed
	at com.kms.katalon.core.keyword.builtin.CallTestCaseKeyword$_callTestCase_closure1.doCall(CallTestCaseKeyword.groovy:63)
	at com.kms.katalon.core.keyword.builtin.CallTestCaseKeyword$_callTestCase_closure1.call(CallTestCaseKeyword.groovy)
	at com.kms.katalon.core.keyword.internal.KeywordMain.runKeyword(KeywordMain.groovy:75)
	at com.kms.katalon.core.keyword.builtin.CallTestCaseKeyword.callTestCase(CallTestCaseKeyword.groovy:81)
	at com.kms.katalon.core.keyword.builtin.CallTestCaseKeyword.execute(CallTestCaseKeyword.groovy:44)
	at com.kms.katalon.core.keyword.internal.KeywordExecutor.executeKeywordForPlatform(KeywordExecutor.groovy:74)
	at com.kms.katalon.core.keyword.BuiltinKeywords.callTestCase(BuiltinKeywords.groovy:310)
	at java.base/jdk.internal.reflect.NativeMethodAccessorImpl.invoke0(Native Method)
	at java.base/jdk.internal.reflect.NativeMethodAccessorImpl.invoke(NativeMethodAccessorImpl.java:77)
	at java.base/jdk.internal.reflect.DelegatingMethodAccessorImpl.invoke(DelegatingMethodAccessorImpl.java:43)
	at Reserve A Medical Appointment.run(Reserve A Medical Appointment:20)
	at com.kms.katalon.core.main.ScriptEngine.run(ScriptEngine.java:194)
	at com.kms.katalon.core.main.ScriptEngine.runScriptAsRawText(ScriptEngine.java:119)
	at com.kms.katalon.core.main.TestCaseExecutor.runScript(TestCaseExecutor.java:486)
	at com.kms.katalon.core.main.TestCaseExecutor.doExecute(TestCaseExecutor.java:477)
	at com.kms.katalon.core.main.TestCaseExecutor.processExecutionPhase(TestCaseExecutor.java:456)
	at com.kms.katalon.core.main.TestCaseExecutor.accessMainPhase(TestCaseExecutor.java:448)
	at com.kms.katalon.core.main.TestCaseExecutor.execute(TestCaseExecutor.java:322)
	at com.kms.katalon.core.common.CommonExecutor.accessTestCaseMainPhase(CommonExecutor.java:71)
	at com.kms.katalon.core.main.TestSuiteExecutor.accessTestSuiteMainPhase(TestSuiteExecutor.java:160)
	at com.kms.katalon.core.main.TestSuiteExecutor.execute(TestSuiteExecutor.java:107)
	at com.kms.katalon.core.main.TestCaseMain.startTestSuite(TestCaseMain.java:186)
	at TempTestSuite1750502783204.run(TempTestSuite1750502783204.groovy:35)
	at java.base/jdk.internal.reflect.NativeMethodAccessorImpl.invoke0(Native Method)
	at java.base/jdk.internal.reflect.NativeMethodAccessorImpl.invoke(NativeMethodAccessorImpl.java:77)
	at java.base/jdk.internal.reflect.DelegatingMethodAccessorImpl.invoke(DelegatingMethodAccessorImpl.java:43)
Caused by: com.kms.katalon.core.exception.StepFailedException: Verify element text of test object 'Object Repository/CURA Healthcare Service/Home Page/h2_Make Appointment' FAILED.
	at com.kms.katalon.core.webui.keyword.internal.WebUIKeywordMain.stepFailed(WebUIKeywordMain.groovy:117)
	at com.kms.katalon.core.webui.keyword.internal.WebUIKeywordMain.runKeyword(WebUIKeywordMain.groovy:43)
	at com.kms.katalon.core.webui.keyword.builtin.VerifyElementTextKeyword.verifyElementText(VerifyElementTextKeyword.groovy:72)
	at com.kms.katalon.core.webui.keyword.builtin.VerifyElementTextKeyword.execute(VerifyElementTextKeyword.groovy:40)
	at com.kms.katalon.core.keyword.internal.KeywordExecutor.executeKeywordForPlatform(KeywordExecutor.groovy:74)
	at com.kms.katalon.core.webui.keyword.WebUiBuiltInKeywords.verifyElementText(WebUiBuiltInKeywords.groovy:4994)
	at Login.run(Login:32)
	at com.kms.katalon.core.main.ScriptEngine.run(ScriptEngine.java:194)
	at com.kms.katalon.core.main.ScriptEngine.runScriptAsRawText(ScriptEngine.java:119)
	at com.kms.katalon.core.main.TestCaseExecutor.runScript(TestCaseExecutor.java:486)
	at com.kms.katalon.core.main.TestCaseExecutor.doExecute(TestCaseExecutor.java:477)
	at com.kms.katalon.core.main.TestCaseExecutor.processExecutionPhase(TestCaseExecutor.java:456)
	at com.kms.katalon.core.main.TestCaseExecutor.accessMainPhase(TestCaseExecutor.java:448)
	at com.kms.katalon.core.main.TestCaseExecutor.execute(TestCaseExecutor.java:322)
	at com.kms.katalon.core.main.TestCaseMain.runTestCase(TestCaseMain.java:142)
	at com.kms.katalon.core.keyword.builtin.CallTestCaseKeyword$_callTestCase_closure1.doCall(CallTestCaseKeyword.groovy:59)
	... 25 more
Caused by: com.kms.katalon.core.exception.StepFailedException: com.kms.katalon.core.webui.exception.WebElementNotFoundException: Web element with id: 'Object Repository/CURA Healthcare Service/Home Page/h2_Make Appointment' located by '//section[@id='appointment']/div/div/div/h2' not found
	at com.kms.katalon.core.webui.keyword.internal.WebUIKeywordMain.stepFailed(WebUIKeywordMain.groovy:117)
	at com.kms.katalon.core.webui.keyword.builtin.VerifyElementTextKeyword$_verifyElementText_closure1.doCall(VerifyElementTextKeyword.groovy:64)
	at com.kms.katalon.core.webui.keyword.builtin.VerifyElementTextKeyword$_verifyElementText_closure1.call(VerifyElementTextKeyword.groovy)
	at com.kms.katalon.core.webui.keyword.internal.WebUIKeywordMain.runKeyword(WebUIKeywordMain.groovy:35)
	... 39 more]]></system-err>
   </testsuite>
</testsuites>
