2025-06-21 13:27:56.424 INFO  c.k.katalon.core.main.TestSuiteExecutor  - START Test Suites/Reserve Medical Appointment Suite
2025-06-21 13:27:56.705 INFO  c.k.katalon.core.main.TestSuiteExecutor  - userFullName = Nedaa Gehad
2025-06-21 13:27:56.708 INFO  c.k.katalon.core.main.TestSuiteExecutor  - projectName = Levelup To Automation With Katalon
2025-06-21 13:27:56.709 INFO  c.k.katalon.core.main.TestSuiteExecutor  - hostName = user - host.docker.internal
2025-06-21 13:27:56.709 INFO  c.k.katalon.core.main.TestSuiteExecutor  - os = Windows 11 64bit
2025-06-21 13:27:56.710 INFO  c.k.katalon.core.main.TestSuiteExecutor  - hostAddress = 192.168.100.16
2025-06-21 13:27:56.711 INFO  c.k.katalon.core.main.TestSuiteExecutor  - katalonVersion = 10.2.1.0
2025-06-21 13:27:57.776 INFO  c.k.katalon.core.main.TestCaseExecutor   - --------------------
2025-06-21 13:27:57.776 INFO  c.k.katalon.core.main.TestCaseExecutor   - START Test Cases/Week 1 - Kickstart Test Automation/Reserve A Medical Appointment
2025-06-21 13:27:58.483 DEBUG testcase.Reserve A Medical Appointment   - 1: callTestCase(findTestCase("Week 1 - Kickstart Test Automation/Login"), ["UserName":"", "Password":""], STOP_ON_FAILURE)
2025-06-21 13:27:58.742 INFO  c.k.katalon.core.main.TestCaseExecutor   - --------------------
2025-06-21 13:27:58.742 INFO  c.k.katalon.core.main.TestCaseExecutor   - CALL Test Cases/Week 1 - Kickstart Test Automation/Login
2025-06-21 13:27:58.765 INFO  c.k.katalon.core.main.TestCaseExecutor   - UserName = 
2025-06-21 13:27:58.769 INFO  c.k.katalon.core.main.TestCaseExecutor   - Password = 
2025-06-21 13:27:58.859 DEBUG testcase.Login                           - 1: openBrowser("")
2025-06-21 13:27:59.214 INFO  c.k.k.core.webui.driver.DriverFactory    - Starting 'Chrome' driver
2025-06-21 13:27:59.290 INFO  c.k.k.c.w.d.chrome.ChromeDriverBuilder   - Use managed Chrome browser & driver
2025-06-21 13:27:59.293 INFO  c.k.k.c.w.d.chrome.ChromeDriverUtil      - Checking and download if needed Chrome browser and driver for Chrome for Testing version latest (This may take a while in case of downloading needed)
2025-06-21 13:28:01.451 INFO  c.k.k.c.w.d.chrome.ChromeDriverUtil      - Checking Chrome browser and driver completed in 2158 ms
2025-06-21 13:28:01.453 INFO  c.k.k.c.w.d.chrome.ChromeDriverBuilder   - Chrome driver path: C:\Users\user\.cache\selenium\chromedriver\win64\137.0.7151.119\chromedriver.exe
2025-06-21 13:28:01.453 INFO  c.k.k.c.w.d.chrome.ChromeDriverBuilder   - Chrome browser path: C:\Users\user\.cache\selenium\chrome\win64\137.0.7151.119\chrome.exe
2025-06-21 13:28:01.480 INFO  c.k.k.core.webui.driver.DriverFactory    - Action delay is set to 1,000 milliseconds
Jun 21, 2025 1:28:03 PM org.openqa.selenium.devtools.CdpVersionFinder findNearestMatch
WARNING: Unable to find CDP implementation matching 137
Jun 21, 2025 1:28:03 PM org.openqa.selenium.chromium.ChromiumDriver lambda$new$4
WARNING: Unable to find version of CDP to use for 137.0.7151.119. You may need to include a dependency on a specific version of the CDP using something similar to `org.seleniumhq.selenium:selenium-devtools-v86:4.28.1` where the version ("v86") matches the version of the chromium-based browser you're using and the version number of the artifact is the same as Selenium's.
2025-06-21 13:28:03.811 INFO  c.k.k.core.webui.driver.DriverFactory    - sessionId = 6798daf29b17882882e79bf7213d4559
2025-06-21 13:28:03.813 INFO  c.k.k.core.webui.driver.DriverFactory    - browser = Chrome 137.0.7151.119
2025-06-21 13:28:03.814 INFO  c.k.k.core.webui.driver.DriverFactory    - platform = Windows 11
2025-06-21 13:28:03.815 INFO  c.k.k.core.webui.driver.DriverFactory    - seleniumVersion = 4.28.1
2025-06-21 13:28:03.827 INFO  c.k.k.core.webui.driver.DriverFactory    - proxyInformation = ProxyInformation { proxyOption=NO_PROXY, proxyServerType=HTTP, username=, password=********, proxyServerAddress=, proxyServerPort=0, executionList="", isApplyToDesiredCapabilities=true }
2025-06-21 13:28:03.889 DEBUG testcase.Login                           - 2: navigateToUrl("https://katalon-demo-cura.herokuapp.com/")
2025-06-21 13:28:06.962 DEBUG testcase.Login                           - 3: click(findTestObject("Object Repository/CURA Healthcare Service/Home Page/a_Make Appointment"))
2025-06-21 13:28:08.811 DEBUG testcase.Login                           - 4: setText(findTestObject("Object Repository/CURA Healthcare Service/Login/input_Username_username"), "John Doe")
2025-06-21 13:28:10.636 DEBUG testcase.Login                           - 5: setEncryptedText(findTestObject("Object Repository/CURA Healthcare Service/Login/input_Password_password"), "g3/DOGG74jC3Flrr3yH+3D/yKbOqqUNM")
2025-06-21 13:28:12.036 DEBUG testcase.Login                           - 6: click(findTestObject("Object Repository/CURA Healthcare Service/Login/button_Login"))
2025-06-21 13:28:13.708 DEBUG testcase.Login                           - 7: verifyElementText(findTestObject("Object Repository/CURA Healthcare Service/Home Page/h2_Make Appointment"), "Make Appointment")
2025-06-21 13:28:14.267 INFO  c.k.katalon.core.main.TestCaseExecutor   - END CALL Test Cases/Week 1 - Kickstart Test Automation/Login
2025-06-21 13:28:14.267 INFO  c.k.katalon.core.main.TestCaseExecutor   - --------------------
2025-06-21 13:28:14.284 DEBUG testcase.Reserve A Medical Appointment   - 2: callTestCase(findTestCase("Week 1 - Kickstart Test Automation/Make Appointment"), [:], STOP_ON_FAILURE)
2025-06-21 13:28:14.357 INFO  c.k.katalon.core.main.TestCaseExecutor   - --------------------
2025-06-21 13:28:14.359 INFO  c.k.katalon.core.main.TestCaseExecutor   - CALL Test Cases/Week 1 - Kickstart Test Automation/Make Appointment
2025-06-21 13:28:14.489 DEBUG testcase.Make Appointment                - 1: selectOptionByValue(findTestObject("Object Repository/CURA Healthcare Service/Make Appointment/select_Tokyo CURA Healthcare Center        _5b4107"), "Seoul CURA Healthcare Center", true)
2025-06-21 13:28:16.455 DEBUG testcase.Make Appointment                - 2: click(findTestObject("Object Repository/CURA Healthcare Service/Make Appointment/input_Apply for hospital readmission_hospit_63901f"))
2025-06-21 13:28:17.800 DEBUG testcase.Make Appointment                - 3: click(findTestObject("Object Repository/CURA Healthcare Service/Make Appointment/label_Medicaid"))
2025-06-21 13:28:19.149 DEBUG testcase.Make Appointment                - 4: click(findTestObject("Object Repository/CURA Healthcare Service/Make Appointment/span_Visit Date (Required)_glyphicon glyphi_cada34"))
2025-06-21 13:28:20.525 DEBUG testcase.Make Appointment                - 5: click(findTestObject("Object Repository/CURA Healthcare Service/Make Appointment/td_20"))
2025-06-21 13:28:22.087 DEBUG testcase.Make Appointment                - 6: setText(findTestObject("Object Repository/CURA Healthcare Service/Make Appointment/textarea_Comment_comment"), "test comment")
2025-06-21 13:28:23.950 DEBUG testcase.Make Appointment                - 7: click(findTestObject("Object Repository/CURA Healthcare Service/Make Appointment/button_Book Appointment"))
2025-06-21 13:28:25.481 DEBUG testcase.Make Appointment                - 8: verifyElementText(findTestObject("Object Repository/CURA Healthcare Service/Make Appointment/h2_Appointment Confirmation"), "Appointment Confirmation")
2025-06-21 13:28:26.029 INFO  c.k.katalon.core.main.TestCaseExecutor   - END CALL Test Cases/Week 1 - Kickstart Test Automation/Make Appointment
2025-06-21 13:28:26.029 INFO  c.k.katalon.core.main.TestCaseExecutor   - --------------------
2025-06-21 13:28:26.030 DEBUG testcase.Reserve A Medical Appointment   - 3: callTestCase(findTestCase("Week 1 - Kickstart Test Automation/Logout"), [:], STOP_ON_FAILURE)
2025-06-21 13:28:26.096 INFO  c.k.katalon.core.main.TestCaseExecutor   - --------------------
2025-06-21 13:28:26.096 INFO  c.k.katalon.core.main.TestCaseExecutor   - CALL Test Cases/Week 1 - Kickstart Test Automation/Logout
2025-06-21 13:28:26.212 DEBUG testcase.Logout                          - 1: click(findTestObject("Object Repository/CURA Healthcare Service/Logout/i_CURA Healthcare_fa fa-bars"))
2025-06-21 13:28:27.563 DEBUG testcase.Logout                          - 2: click(findTestObject("Object Repository/CURA Healthcare Service/Logout/a_Logout"))
2025-06-21 13:28:29.384 DEBUG testcase.Logout                          - 3: navigateToUrl("https://katalon-demo-cura.herokuapp.com/")
2025-06-21 13:28:30.607 DEBUG testcase.Logout                          - 4: verifyElementText(findTestObject("Object Repository/CURA Healthcare Service/Home Page/h1_CURA Healthcare Service"), "CURA Healthcare Service")
2025-06-21 13:28:31.110 INFO  c.k.katalon.core.main.TestCaseExecutor   - END CALL Test Cases/Week 1 - Kickstart Test Automation/Logout
2025-06-21 13:28:31.110 INFO  c.k.katalon.core.main.TestCaseExecutor   - --------------------
2025-06-21 13:28:31.110 INFO  c.k.katalon.core.main.TestCaseExecutor   - END Test Cases/Week 1 - Kickstart Test Automation/Reserve A Medical Appointment
2025-06-21 13:28:31.775 INFO  c.k.katalon.core.main.TestSuiteExecutor  - --------------------
2025-06-21 13:28:31.775 INFO  c.k.katalon.core.main.TestSuiteExecutor  - END Test Suites/Reserve Medical Appointment Suite
2025-06-21 13:28:31.775 INFO  c.k.katalon.core.main.TestSuiteExecutor  - ====================
